{"logTime": "0314/095905", "correlationVector":"tGIX8Ta8yCxJHIs4rNjcyf","action":"Initial GetUpdates", "result":"", "context":Reason: NEWLY_SUPPORTED_DATATYPE. cV=tGIX8Ta8yCxJHIs4rNjcyf}
{"logTime": "0314/095906", "correlationVector":"tGIX8Ta8yCxJHIs4rNjcyf.1","action":"SyncServerConnectionManagerRequest", "result":"SYNC_SERVER_OK", "context":{"environment":"Prod_germanywestcentral_prod-s01-010-eur-germanywestcentral", "migrationStage":"NotStarted", "server":"akswtt005000034"}}
{"logTime": "0314/095906", "correlationVector":"tGIX8Ta8yCxJHIs4rNjcyf.2","action":"ProcessGetUpdates", "result":"Done", "context":{"dataType":"Autofill Profiles", "deleted":"0", "process_failed_to_decrypt":"0", "process_pending_decryption":"0", "process_success":"75", "total":"75"}}
{"logTime": "0314/095906", "correlationVector":"tGIX8Ta8yCxJHIs4rNjcyf.3","action":"ProcessGetUpdates", "result":"Done", "context":{"dataType":"Autofill", "deleted":"0", "process_failed_to_decrypt":"0", "process_pending_decryption":"0", "process_success":"1", "total":"1"}}
{"logTime": "0314/095906", "correlationVector":"tGIX8Ta8yCxJHIs4rNjcyf.4","action":"ProcessGetUpdates", "result":"Done", "context":{"dataType":"Sessions", "deleted":"171", "process_failed_to_decrypt":"0", "process_pending_decryption":"0", "process_success":"171", "total":"171"}}
{"logTime": "0314/095906", "correlationVector":"tGIX8Ta8yCxJHIs4rNjcyf.5","action":"ProcessGetUpdates", "result":"Done", "context":{"dataType":"Edge Hub App Usage", "deleted":"2", "process_failed_to_decrypt":"0", "process_pending_decryption":"0", "process_success":"2", "total":"2"}}
{"logTime": "0314/095906", "correlationVector":"tGIX8Ta8yCxJHIs4rNjcyf.6","action":"ProcessGetUpdates", "result":"Done", "context":{"dataType":"Edge Tab Group", "deleted":"0", "process_failed_to_decrypt":"0", "process_pending_decryption":"0", "process_success":"1", "total":"1"}}
{"logTime": "0314/095906", "correlationVector":"tGIX8Ta8yCxJHIs4rNjcyf.7","action":"GetUpdates Response", "result":"Success", "context":Received 250 update(s). cV=tGIX8Ta8yCxJHIs4rNjcyf.0;server=akswtt005000034;cloudType=Consumer;environment=Prod_germanywestcentral_prod-s01-010-eur-germanywestcentral;migrationStage=NotStarted Some updates remain.}
{"logTime": "0314/095906", "correlationVector":"Gu/oUN/5P/gFqBBovXQrTp","action":"Initial GetUpdates", "result":"", "context":Reason: NEWLY_SUPPORTED_DATATYPE. cV=Gu/oUN/5P/gFqBBovXQrTp}
{"logTime": "0314/095907", "correlationVector":"Gu/oUN/5P/gFqBBovXQrTp.1","action":"SyncServerConnectionManagerRequest", "result":"SYNC_SERVER_OK", "context":{"environment":"Prod_germanywestcentral_prod-s01-010-eur-germanywestcentral", "migrationStage":"NotStarted", "server":"akswtt00500001u"}}
{"logTime": "0314/095907", "correlationVector":"Gu/oUN/5P/gFqBBovXQrTp.2","action":"ProcessGetUpdates", "result":"Done", "context":{"dataType":"Autofill Profiles", "deleted":"0", "process_failed_to_decrypt":"0", "process_pending_decryption":"0", "process_success":"8", "total":"8"}}
{"logTime": "0314/095907", "correlationVector":"Gu/oUN/5P/gFqBBovXQrTp.3","action":"ProcessGetUpdates", "result":"Done", "context":{"dataType":"Autofill", "deleted":"0", "process_failed_to_decrypt":"0", "process_pending_decryption":"0", "process_success":"242", "total":"242"}}
{"logTime": "0314/095907", "correlationVector":"Gu/oUN/5P/gFqBBovXQrTp.4","action":"GetUpdates Response", "result":"Success", "context":Received 250 update(s). cV=Gu/oUN/5P/gFqBBovXQrTp.0;server=akswtt00500001u;cloudType=Consumer;environment=Prod_germanywestcentral_prod-s01-010-eur-germanywestcentral;migrationStage=NotStarted Some updates remain.}
{"logTime": "0314/095907", "correlationVector":"lm0wGailwFg4Tk0KsjrNCC","action":"Initial GetUpdates", "result":"", "context":Reason: NEWLY_SUPPORTED_DATATYPE. cV=lm0wGailwFg4Tk0KsjrNCC}
{"logTime": "0314/095909", "correlationVector":"lm0wGailwFg4Tk0KsjrNCC.1","action":"SyncServerConnectionManagerRequest", "result":"SYNC_SERVER_OK", "context":{"environment":"Prod_germanywestcentral_prod-s01-010-eur-germanywestcentral", "migrationStage":"NotStarted", "server":"akswtt00500000h"}}
{"logTime": "0314/095909", "correlationVector":"lm0wGailwFg4Tk0KsjrNCC.2","action":"ProcessGetUpdates", "result":"Done", "context":{"dataType":"Autofill", "deleted":"0", "process_failed_to_decrypt":"0", "process_pending_decryption":"0", "process_success":"250", "total":"250"}}
{"logTime": "0314/095909", "correlationVector":"lm0wGailwFg4Tk0KsjrNCC.3","action":"GetUpdates Response", "result":"Success", "context":Received 250 update(s). cV=lm0wGailwFg4Tk0KsjrNCC.0;server=akswtt00500000h;cloudType=Consumer;environment=Prod_germanywestcentral_prod-s01-010-eur-germanywestcentral;migrationStage=NotStarted Some updates remain.}
{"logTime": "0314/095909", "correlationVector":"E4k1pyqA0CucxsgLQc6SRx","action":"Initial GetUpdates", "result":"", "context":Reason: NEWLY_SUPPORTED_DATATYPE. cV=E4k1pyqA0CucxsgLQc6SRx}
{"logTime": "0314/095910", "correlationVector":"E4k1pyqA0CucxsgLQc6SRx.1","action":"SyncServerConnectionManagerRequest", "result":"SYNC_SERVER_OK", "context":{"environment":"Prod_germanywestcentral_prod-s01-011-eur-germanywestcentral", "migrationStage":"NotStarted", "server":"akswtt005000029"}}
{"logTime": "0314/095910", "correlationVector":"E4k1pyqA0CucxsgLQc6SRx.2","action":"ProcessGetUpdates", "result":"Done", "context":{"dataType":"Autofill", "deleted":"0", "process_failed_to_decrypt":"0", "process_pending_decryption":"0", "process_success":"250", "total":"250"}}
{"logTime": "0314/095910", "correlationVector":"E4k1pyqA0CucxsgLQc6SRx.3","action":"GetUpdates Response", "result":"Success", "context":Received 250 update(s). cV=E4k1pyqA0CucxsgLQc6SRx.0;server=akswtt005000029;cloudType=Consumer;environment=Prod_germanywestcentral_prod-s01-011-eur-germanywestcentral;migrationStage=NotStarted Some updates remain.}
{"logTime": "0314/095910", "correlationVector":"jm4hGCCsm85I2x9m1fASgR","action":"Initial GetUpdates", "result":"", "context":Reason: NEWLY_SUPPORTED_DATATYPE. cV=jm4hGCCsm85I2x9m1fASgR}
{"logTime": "0314/095911", "correlationVector":"jm4hGCCsm85I2x9m1fASgR.1","action":"SyncServerConnectionManagerRequest", "result":"SYNC_SERVER_OK", "context":{"environment":"Prod_germanywestcentral_prod-s01-011-eur-germanywestcentral", "migrationStage":"NotStarted", "server":"akswtt005000029"}}
{"logTime": "0314/095911", "correlationVector":"jm4hGCCsm85I2x9m1fASgR.2","action":"ProcessGetUpdates", "result":"Done", "context":{"dataType":"Autofill", "deleted":"0", "process_failed_to_decrypt":"0", "process_pending_decryption":"0", "process_success":"250", "total":"250"}}
{"logTime": "0314/095911", "correlationVector":"jm4hGCCsm85I2x9m1fASgR.3","action":"GetUpdates Response", "result":"Success", "context":Received 250 update(s). cV=jm4hGCCsm85I2x9m1fASgR.0;server=akswtt005000029;cloudType=Consumer;environment=Prod_germanywestcentral_prod-s01-011-eur-germanywestcentral;migrationStage=NotStarted Some updates remain.}
{"logTime": "0314/095911", "correlationVector":"QxjIqAxLA+Q1P7yvGXBEFy","action":"Initial GetUpdates", "result":"", "context":Reason: NEWLY_SUPPORTED_DATATYPE. cV=QxjIqAxLA+Q1P7yvGXBEFy}
{"logTime": "0314/095912", "correlationVector":"QxjIqAxLA+Q1P7yvGXBEFy.1","action":"SyncServerConnectionManagerRequest", "result":"SYNC_SERVER_OK", "context":{"environment":"Prod_germanywestcentral_prod-s01-011-eur-germanywestcentral", "migrationStage":"NotStarted", "server":"akswtt00500003c"}}
{"logTime": "0314/095912", "correlationVector":"QxjIqAxLA+Q1P7yvGXBEFy.2","action":"ProcessGetUpdates", "result":"Done", "context":{"dataType":"Autofill", "deleted":"0", "process_failed_to_decrypt":"0", "process_pending_decryption":"0", "process_success":"250", "total":"250"}}
{"logTime": "0314/095912", "correlationVector":"QxjIqAxLA+Q1P7yvGXBEFy.3","action":"GetUpdates Response", "result":"Success", "context":Received 250 update(s). cV=QxjIqAxLA+Q1P7yvGXBEFy.0;server=akswtt00500003c;cloudType=Consumer;environment=Prod_germanywestcentral_prod-s01-011-eur-germanywestcentral;migrationStage=NotStarted Some updates remain.}
{"logTime": "0314/095912", "correlationVector":"c45FB55PIAVJq3UCI6+uIk","action":"Initial GetUpdates", "result":"", "context":Reason: NEWLY_SUPPORTED_DATATYPE. cV=c45FB55PIAVJq3UCI6+uIk}
{"logTime": "0314/095913", "correlationVector":"c45FB55PIAVJq3UCI6+uIk.1","action":"SyncServerConnectionManagerRequest", "result":"SYNC_SERVER_OK", "context":{"environment":"Prod_germanywestcentral_prod-s01-011-eur-germanywestcentral", "migrationStage":"NotStarted", "server":"akswtt00500003c"}}
{"logTime": "0314/095913", "correlationVector":"c45FB55PIAVJq3UCI6+uIk.2","action":"ProcessGetUpdates", "result":"Done", "context":{"dataType":"Autofill", "deleted":"0", "process_failed_to_decrypt":"0", "process_pending_decryption":"0", "process_success":"250", "total":"250"}}
{"logTime": "0314/095913", "correlationVector":"c45FB55PIAVJq3UCI6+uIk.3","action":"GetUpdates Response", "result":"Success", "context":Received 250 update(s). cV=c45FB55PIAVJq3UCI6+uIk.0;server=akswtt00500003c;cloudType=Consumer;environment=Prod_germanywestcentral_prod-s01-011-eur-germanywestcentral;migrationStage=NotStarted Some updates remain.}
{"logTime": "0314/095913", "correlationVector":"nPu+pLpRFdB9ZuEzsPbTPM","action":"Initial GetUpdates", "result":"", "context":Reason: NEWLY_SUPPORTED_DATATYPE. cV=nPu+pLpRFdB9ZuEzsPbTPM}
{"logTime": "0314/095914", "correlationVector":"nPu+pLpRFdB9ZuEzsPbTPM.1","action":"SyncServerConnectionManagerRequest", "result":"SYNC_SERVER_OK", "context":{"environment":"Prod_germanywestcentral_prod-s01-011-eur-germanywestcentral", "migrationStage":"NotStarted", "server":"akswtt00500003c"}}
{"logTime": "0314/095914", "correlationVector":"nPu+pLpRFdB9ZuEzsPbTPM.2","action":"ProcessGetUpdates", "result":"Done", "context":{"dataType":"Autofill", "deleted":"0", "process_failed_to_decrypt":"0", "process_pending_decryption":"0", "process_success":"250", "total":"250"}}
{"logTime": "0314/095914", "correlationVector":"nPu+pLpRFdB9ZuEzsPbTPM.3","action":"GetUpdates Response", "result":"Success", "context":Received 250 update(s). cV=nPu+pLpRFdB9ZuEzsPbTPM.0;server=akswtt00500003c;cloudType=Consumer;environment=Prod_germanywestcentral_prod-s01-011-eur-germanywestcentral;migrationStage=NotStarted Some updates remain.}
{"logTime": "0314/095914", "correlationVector":"S4dCpcSPiYUg2QYUi9QjS2","action":"Initial GetUpdates", "result":"", "context":Reason: NEWLY_SUPPORTED_DATATYPE. cV=S4dCpcSPiYUg2QYUi9QjS2}
{"logTime": "0314/095919", "correlationVector":"S4dCpcSPiYUg2QYUi9QjS2.1","action":"SyncServerConnectionManagerRequest", "result":"SYNC_SERVER_OK", "context":{"environment":"Prod_germanywestcentral_prod-s01-011-eur-germanywestcentral", "migrationStage":"NotStarted", "server":"akswtt005000029"}}
{"logTime": "0314/095919", "correlationVector":"S4dCpcSPiYUg2QYUi9QjS2.2","action":"ProcessGetUpdates", "result":"Done", "context":{"dataType":"Autofill Profiles", "deleted":"0", "process_failed_to_decrypt":"0", "process_pending_decryption":"0", "process_success":"1", "total":"1"}}
{"logTime": "0314/095919", "correlationVector":"S4dCpcSPiYUg2QYUi9QjS2.3","action":"ProcessGetUpdates", "result":"Done", "context":{"dataType":"Autofill", "deleted":"0", "process_failed_to_decrypt":"0", "process_pending_decryption":"0", "process_success":"42", "total":"42"}}
{"logTime": "0314/095919", "correlationVector":"S4dCpcSPiYUg2QYUi9QjS2.4","action":"ProcessGetUpdates", "result":"Done", "context":{"dataType":"Extensions", "deleted":"0", "process_failed_to_decrypt":"0", "process_pending_decryption":"0", "process_success":"1", "total":"1"}}
{"logTime": "0314/095919", "correlationVector":"S4dCpcSPiYUg2QYUi9QjS2.5","action":"ProcessGetUpdates", "result":"Done", "context":{"dataType":"Sessions", "deleted":"206", "process_failed_to_decrypt":"0", "process_pending_decryption":"0", "process_success":"206", "total":"206"}}
{"logTime": "0314/095919", "correlationVector":"S4dCpcSPiYUg2QYUi9QjS2.6","action":"GetUpdates Response", "result":"Success", "context":Received 250 update(s). cV=S4dCpcSPiYUg2QYUi9QjS2.0;server=akswtt005000029;cloudType=Consumer;environment=Prod_germanywestcentral_prod-s01-011-eur-germanywestcentral;migrationStage=NotStarted Some updates remain.}
{"logTime": "0314/095919", "correlationVector":"s+m/pLONkuS9J92IJKW5TB","action":"Initial GetUpdates", "result":"", "context":Reason: NEWLY_SUPPORTED_DATATYPE. cV=s+m/pLONkuS9J92IJKW5TB}
{"logTime": "0314/095921", "correlationVector":"s+m/pLONkuS9J92IJKW5TB.1","action":"SyncServerConnectionManagerRequest", "result":"SYNC_SERVER_OK", "context":{"environment":"Prod_germanywestcentral_prod-s01-011-eur-germanywestcentral", "migrationStage":"NotStarted", "server":"akswtt00500003c"}}
{"logTime": "0314/095921", "correlationVector":"s+m/pLONkuS9J92IJKW5TB.2","action":"ProcessGetUpdates", "result":"Done", "context":{"dataType":"Autofill Profiles", "deleted":"3", "process_failed_to_decrypt":"0", "process_pending_decryption":"0", "process_success":"8", "total":"8"}}
{"logTime": "0314/095921", "correlationVector":"s+m/pLONkuS9J92IJKW5TB.3","action":"ProcessGetUpdates", "result":"Done", "context":{"dataType":"Autofill", "deleted":"0", "process_failed_to_decrypt":"0", "process_pending_decryption":"0", "process_success":"57", "total":"57"}}
{"logTime": "0314/095921", "correlationVector":"s+m/pLONkuS9J92IJKW5TB.4","action":"ProcessGetUpdates", "result":"Done", "context":{"dataType":"Sessions", "deleted":"185", "process_failed_to_decrypt":"0", "process_pending_decryption":"0", "process_success":"185", "total":"185"}}
{"logTime": "0314/095921", "correlationVector":"s+m/pLONkuS9J92IJKW5TB.5","action":"GetUpdates Response", "result":"Success", "context":Received 250 update(s). cV=s+m/pLONkuS9J92IJKW5TB.0;server=akswtt00500003c;cloudType=Consumer;environment=Prod_germanywestcentral_prod-s01-011-eur-germanywestcentral;migrationStage=NotStarted Some updates remain.}
{"logTime": "0314/095921", "correlationVector":"wy4LGvmmGpXlmv5eAIqs39","action":"Initial GetUpdates", "result":"", "context":Reason: NEWLY_SUPPORTED_DATATYPE. cV=wy4LGvmmGpXlmv5eAIqs39}
{"logTime": "0314/095923", "correlationVector":"wy4LGvmmGpXlmv5eAIqs39.1","action":"SyncServerConnectionManagerRequest", "result":"SYNC_SERVER_OK", "context":{"environment":"Prod_germanywestcentral_prod-s01-011-eur-germanywestcentral", "migrationStage":"NotStarted", "server":"akswtt005000029"}}
{"logTime": "0314/095923", "correlationVector":"wy4LGvmmGpXlmv5eAIqs39.2","action":"ProcessGetUpdates", "result":"Done", "context":{"dataType":"Autofill Profiles", "deleted":"4", "process_failed_to_decrypt":"0", "process_pending_decryption":"0", "process_success":"8", "total":"8"}}
{"logTime": "0314/095923", "correlationVector":"wy4LGvmmGpXlmv5eAIqs39.3","action":"ProcessGetUpdates", "result":"Done", "context":{"dataType":"Autofill", "deleted":"0", "process_failed_to_decrypt":"0", "process_pending_decryption":"0", "process_success":"67", "total":"67"}}
{"logTime": "0314/095923", "correlationVector":"wy4LGvmmGpXlmv5eAIqs39.4","action":"ProcessGetUpdates", "result":"Done", "context":{"dataType":"Sessions", "deleted":"175", "process_failed_to_decrypt":"0", "process_pending_decryption":"0", "process_success":"175", "total":"175"}}
{"logTime": "0314/095923", "correlationVector":"wy4LGvmmGpXlmv5eAIqs39.5","action":"GetUpdates Response", "result":"Success", "context":Received 250 update(s). cV=wy4LGvmmGpXlmv5eAIqs39.0;server=akswtt005000029;cloudType=Consumer;environment=Prod_germanywestcentral_prod-s01-011-eur-germanywestcentral;migrationStage=NotStarted Some updates remain.}
{"logTime": "0314/095923", "correlationVector":"479YxcB8Ex3WXDClqQX/Jj","action":"Initial GetUpdates", "result":"", "context":Reason: NEWLY_SUPPORTED_DATATYPE. cV=479YxcB8Ex3WXDClqQX/Jj}
{"logTime": "0314/095924", "correlationVector":"479YxcB8Ex3WXDClqQX/Jj.1","action":"SyncServerConnectionManagerRequest", "result":"SYNC_SERVER_OK", "context":{"environment":"Prod_germanywestcentral_prod-s01-011-eur-germanywestcentral", "migrationStage":"NotStarted", "server":"akswtt00500003c"}}
{"logTime": "0314/095924", "correlationVector":"479YxcB8Ex3WXDClqQX/Jj.2","action":"ProcessGetUpdates", "result":"Done", "context":{"dataType":"Autofill Profiles", "deleted":"11", "process_failed_to_decrypt":"0", "process_pending_decryption":"0", "process_success":"11", "total":"11"}}
{"logTime": "0314/095924", "correlationVector":"479YxcB8Ex3WXDClqQX/Jj.3","action":"ProcessGetUpdates", "result":"Done", "context":{"dataType":"Autofill", "deleted":"0", "process_failed_to_decrypt":"0", "process_pending_decryption":"0", "process_success":"10", "total":"10"}}
{"logTime": "0314/095924", "correlationVector":"479YxcB8Ex3WXDClqQX/Jj.4","action":"ProcessGetUpdates", "result":"Done", "context":{"dataType":"Extensions", "deleted":"0", "process_failed_to_decrypt":"0", "process_pending_decryption":"0", "process_success":"1", "total":"1"}}
{"logTime": "0314/095924", "correlationVector":"479YxcB8Ex3WXDClqQX/Jj.5","action":"ProcessGetUpdates", "result":"Done", "context":{"dataType":"Sessions", "deleted":"227", "process_failed_to_decrypt":"0", "process_pending_decryption":"0", "process_success":"227", "total":"227"}}
{"logTime": "0314/095924", "correlationVector":"479YxcB8Ex3WXDClqQX/Jj.6","action":"ProcessGetUpdates", "result":"Done", "context":{"dataType":"Edge Tab Group", "deleted":"1", "process_failed_to_decrypt":"0", "process_pending_decryption":"0", "process_success":"1", "total":"1"}}
{"logTime": "0314/095924", "correlationVector":"479YxcB8Ex3WXDClqQX/Jj.7","action":"GetUpdates Response", "result":"Success", "context":Received 250 update(s). cV=479YxcB8Ex3WXDClqQX/Jj.0;server=akswtt00500003c;cloudType=Consumer;environment=Prod_germanywestcentral_prod-s01-011-eur-germanywestcentral;migrationStage=NotStarted Some updates remain.}
{"logTime": "0314/095924", "correlationVector":"P4vtQpfuDwEV30+clv7bZ4","action":"Initial GetUpdates", "result":"", "context":Reason: NEWLY_SUPPORTED_DATATYPE. cV=P4vtQpfuDwEV30+clv7bZ4}
{"logTime": "0314/095925", "correlationVector":"P4vtQpfuDwEV30+clv7bZ4.1","action":"SyncServerConnectionManagerRequest", "result":"SYNC_SERVER_OK", "context":{"environment":"Prod_germanywestcentral_prod-s01-011-eur-germanywestcentral", "migrationStage":"NotStarted", "server":"akswtt005000019"}}
{"logTime": "0314/095925", "correlationVector":"P4vtQpfuDwEV30+clv7bZ4.2","action":"ProcessGetUpdates", "result":"Done", "context":{"dataType":"Autofill Profiles", "deleted":"5", "process_failed_to_decrypt":"0", "process_pending_decryption":"0", "process_success":"7", "total":"7"}}
{"logTime": "0314/095925", "correlationVector":"P4vtQpfuDwEV30+clv7bZ4.3","action":"ProcessGetUpdates", "result":"Done", "context":{"dataType":"Autofill", "deleted":"0", "process_failed_to_decrypt":"0", "process_pending_decryption":"0", "process_success":"14", "total":"14"}}
{"logTime": "0314/095925", "correlationVector":"P4vtQpfuDwEV30+clv7bZ4.4","action":"ProcessGetUpdates", "result":"Done", "context":{"dataType":"Sessions", "deleted":"225", "process_failed_to_decrypt":"0", "process_pending_decryption":"0", "process_success":"225", "total":"225"}}
{"logTime": "0314/095925", "correlationVector":"P4vtQpfuDwEV30+clv7bZ4.5","action":"ProcessGetUpdates", "result":"Done", "context":{"dataType":"Edge Hub App Usage", "deleted":"1", "process_failed_to_decrypt":"0", "process_pending_decryption":"0", "process_success":"4", "total":"4"}}
{"logTime": "0314/095925", "correlationVector":"P4vtQpfuDwEV30+clv7bZ4.6","action":"GetUpdates Response", "result":"Success", "context":Received 250 update(s). cV=P4vtQpfuDwEV30+clv7bZ4.0;server=akswtt005000019;cloudType=Consumer;environment=Prod_germanywestcentral_prod-s01-011-eur-germanywestcentral;migrationStage=NotStarted Some updates remain.}
{"logTime": "0314/095925", "correlationVector":"OtPQRE4SmoGtS9VBe4srmw","action":"Initial GetUpdates", "result":"", "context":Reason: NEWLY_SUPPORTED_DATATYPE. cV=OtPQRE4SmoGtS9VBe4srmw}
{"logTime": "0314/095926", "correlationVector":"OtPQRE4SmoGtS9VBe4srmw.1","action":"SyncServerConnectionManagerRequest", "result":"SYNC_SERVER_OK", "context":{"environment":"Prod_germanywestcentral_prod-s01-011-eur-germanywestcentral", "migrationStage":"NotStarted", "server":"akswtt005000029"}}
{"logTime": "0314/095926", "correlationVector":"OtPQRE4SmoGtS9VBe4srmw.2","action":"ProcessGetUpdates", "result":"Done", "context":{"dataType":"Autofill Profiles", "deleted":"0", "process_failed_to_decrypt":"0", "process_pending_decryption":"0", "process_success":"1", "total":"1"}}
{"logTime": "0314/095926", "correlationVector":"OtPQRE4SmoGtS9VBe4srmw.3","action":"ProcessGetUpdates", "result":"Done", "context":{"dataType":"Autofill", "deleted":"0", "process_failed_to_decrypt":"0", "process_pending_decryption":"0", "process_success":"13", "total":"13"}}
{"logTime": "0314/095926", "correlationVector":"OtPQRE4SmoGtS9VBe4srmw.4","action":"ProcessGetUpdates", "result":"Done", "context":{"dataType":"Extensions", "deleted":"0", "process_failed_to_decrypt":"0", "process_pending_decryption":"0", "process_success":"1", "total":"1"}}
{"logTime": "0314/095926", "correlationVector":"OtPQRE4SmoGtS9VBe4srmw.5","action":"ProcessGetUpdates", "result":"Done", "context":{"dataType":"Sessions", "deleted":"232", "process_failed_to_decrypt":"0", "process_pending_decryption":"0", "process_success":"232", "total":"232"}}
{"logTime": "0314/095926", "correlationVector":"OtPQRE4SmoGtS9VBe4srmw.6","action":"ProcessGetUpdates", "result":"Done", "context":{"dataType":"Edge Hub App Usage", "deleted":"3", "process_failed_to_decrypt":"0", "process_pending_decryption":"0", "process_success":"3", "total":"3"}}
{"logTime": "0314/095926", "correlationVector":"OtPQRE4SmoGtS9VBe4srmw.7","action":"GetUpdates Response", "result":"Success", "context":Received 250 update(s). cV=OtPQRE4SmoGtS9VBe4srmw.0;server=akswtt005000029;cloudType=Consumer;environment=Prod_germanywestcentral_prod-s01-011-eur-germanywestcentral;migrationStage=NotStarted Some updates remain.}
{"logTime": "0314/095926", "correlationVector":"NhJp2IqgyDZZUicJEtZM9x","action":"Initial GetUpdates", "result":"", "context":Reason: NEWLY_SUPPORTED_DATATYPE. cV=NhJp2IqgyDZZUicJEtZM9x}
{"logTime": "0314/095927", "correlationVector":"NhJp2IqgyDZZUicJEtZM9x.1","action":"SyncServerConnectionManagerRequest", "result":"SYNC_SERVER_OK", "context":{"environment":"Prod_germanywestcentral_prod-s01-011-eur-germanywestcentral", "migrationStage":"NotStarted", "server":"akswtt00500003c"}}
{"logTime": "0314/095927", "correlationVector":"NhJp2IqgyDZZUicJEtZM9x.2","action":"ProcessGetUpdates", "result":"Done", "context":{"dataType":"Autofill Profiles", "deleted":"0", "process_failed_to_decrypt":"0", "process_pending_decryption":"0", "process_success":"1", "total":"1"}}
{"logTime": "0314/095927", "correlationVector":"NhJp2IqgyDZZUicJEtZM9x.3","action":"ProcessGetUpdates", "result":"Done", "context":{"dataType":"Autofill", "deleted":"0", "process_failed_to_decrypt":"0", "process_pending_decryption":"0", "process_success":"4", "total":"4"}}
{"logTime": "0314/095927", "correlationVector":"NhJp2IqgyDZZUicJEtZM9x.4","action":"ProcessGetUpdates", "result":"Done", "context":{"dataType":"Sessions", "deleted":"16", "process_failed_to_decrypt":"0", "process_pending_decryption":"0", "process_success":"26", "total":"26"}}
{"logTime": "0314/095927", "correlationVector":"NhJp2IqgyDZZUicJEtZM9x.5","action":"GetUpdates Response", "result":"Success", "context":Received 31 update(s). cV=NhJp2IqgyDZZUicJEtZM9x.0;server=akswtt00500003c;cloudType=Consumer;environment=Prod_germanywestcentral_prod-s01-011-eur-germanywestcentral;migrationStage=NotStarted}
{"logTime": "0314/095927", "correlationVector":"M4VTlF3bfy5jp0Tasgb+t6","action":"Initial GetUpdates", "result":"", "context":Reason: NEWLY_SUPPORTED_DATATYPE. cV=M4VTlF3bfy5jp0Tasgb+t6}
{"logTime": "0314/095928", "correlationVector":"M4VTlF3bfy5jp0Tasgb+t6.1","action":"SyncServerConnectionManagerRequest", "result":"SYNC_SERVER_OK", "context":{"environment":"Prod_germanywestcentral_prod-s01-011-eur-germanywestcentral", "migrationStage":"NotStarted", "server":"akswtt00500003c"}}
{"logTime": "0314/095928", "correlationVector":"M4VTlF3bfy5jp0Tasgb+t6.2","action":"ProcessGetUpdates", "result":"Done", "context":{"dataType":"History", "deleted":"0", "process_failed_to_decrypt":"0", "process_pending_decryption":"0", "process_success":"250", "total":"250"}}
{"logTime": "0314/095928", "correlationVector":"M4VTlF3bfy5jp0Tasgb+t6.3","action":"GetUpdates Response", "result":"Success", "context":Received 250 update(s). cV=M4VTlF3bfy5jp0Tasgb+t6.0;server=akswtt00500003c;cloudType=Consumer;environment=Prod_germanywestcentral_prod-s01-011-eur-germanywestcentral;migrationStage=NotStarted Some updates remain.}
{"logTime": "0314/095928", "correlationVector":"xY3weqmUagMLGFCLhD7Qzk","action":"Initial GetUpdates", "result":"", "context":Reason: NEWLY_SUPPORTED_DATATYPE. cV=xY3weqmUagMLGFCLhD7Qzk}
{"logTime": "0314/095929", "correlationVector":"xY3weqmUagMLGFCLhD7Qzk.1","action":"SyncServerConnectionManagerRequest", "result":"SYNC_SERVER_OK", "context":{"environment":"Prod_germanywestcentral_prod-s01-011-eur-germanywestcentral", "migrationStage":"NotStarted", "server":"akswtt005000019"}}
{"logTime": "0314/095929", "correlationVector":"xY3weqmUagMLGFCLhD7Qzk.2","action":"ProcessGetUpdates", "result":"Done", "context":{"dataType":"History", "deleted":"0", "process_failed_to_decrypt":"0", "process_pending_decryption":"0", "process_success":"250", "total":"250"}}
{"logTime": "0314/095929", "correlationVector":"xY3weqmUagMLGFCLhD7Qzk.3","action":"GetUpdates Response", "result":"Success", "context":Received 250 update(s). cV=xY3weqmUagMLGFCLhD7Qzk.0;server=akswtt005000019;cloudType=Consumer;environment=Prod_germanywestcentral_prod-s01-011-eur-germanywestcentral;migrationStage=NotStarted Some updates remain.}
{"logTime": "0314/095929", "correlationVector":"nx/et8O3SF93pgtHrDv63h","action":"Initial GetUpdates", "result":"", "context":Reason: NEWLY_SUPPORTED_DATATYPE. cV=nx/et8O3SF93pgtHrDv63h}
{"logTime": "0314/095930", "correlationVector":"nx/et8O3SF93pgtHrDv63h.1","action":"SyncServerConnectionManagerRequest", "result":"SYNC_SERVER_OK", "context":{"environment":"Prod_germanywestcentral_prod-s01-011-eur-germanywestcentral", "migrationStage":"NotStarted", "server":"akswtt00500003c"}}
{"logTime": "0314/095930", "correlationVector":"nx/et8O3SF93pgtHrDv63h.2","action":"ProcessGetUpdates", "result":"Done", "context":{"dataType":"History", "deleted":"0", "process_failed_to_decrypt":"0", "process_pending_decryption":"0", "process_success":"250", "total":"250"}}
{"logTime": "0314/095930", "correlationVector":"nx/et8O3SF93pgtHrDv63h.3","action":"GetUpdates Response", "result":"Success", "context":Received 250 update(s). cV=nx/et8O3SF93pgtHrDv63h.0;server=akswtt00500003c;cloudType=Consumer;environment=Prod_germanywestcentral_prod-s01-011-eur-germanywestcentral;migrationStage=NotStarted Some updates remain.}
{"logTime": "0314/095930", "correlationVector":"ELn33rGiHZ6zmaRIoQOTsc","action":"Initial GetUpdates", "result":"", "context":Reason: NEWLY_SUPPORTED_DATATYPE. cV=ELn33rGiHZ6zmaRIoQOTsc}
{"logTime": "0314/095931", "correlationVector":"ELn33rGiHZ6zmaRIoQOTsc.1","action":"SyncServerConnectionManagerRequest", "result":"SYNC_SERVER_OK", "context":{"environment":"Prod_germanywestcentral_prod-s01-011-eur-germanywestcentral", "migrationStage":"NotStarted", "server":"akswtt005000029"}}
{"logTime": "0314/095931", "correlationVector":"ELn33rGiHZ6zmaRIoQOTsc.2","action":"ProcessGetUpdates", "result":"Done", "context":{"dataType":"History", "deleted":"0", "process_failed_to_decrypt":"0", "process_pending_decryption":"0", "process_success":"250", "total":"250"}}
{"logTime": "0314/095931", "correlationVector":"ELn33rGiHZ6zmaRIoQOTsc.3","action":"GetUpdates Response", "result":"Success", "context":Received 250 update(s). cV=ELn33rGiHZ6zmaRIoQOTsc.0;server=akswtt005000029;cloudType=Consumer;environment=Prod_germanywestcentral_prod-s01-011-eur-germanywestcentral;migrationStage=NotStarted Some updates remain.}
{"logTime": "0314/095931", "correlationVector":"th/4Vca81sTpdjWqI9QkLk","action":"Initial GetUpdates", "result":"", "context":Reason: NEWLY_SUPPORTED_DATATYPE. cV=th/4Vca81sTpdjWqI9QkLk}
{"logTime": "0314/095932", "correlationVector":"th/4Vca81sTpdjWqI9QkLk.1","action":"SyncServerConnectionManagerRequest", "result":"SYNC_SERVER_OK", "context":{"environment":"Prod_germanywestcentral_prod-s01-011-eur-germanywestcentral", "migrationStage":"NotStarted", "server":"akswtt005000029"}}
{"logTime": "0314/095932", "correlationVector":"th/4Vca81sTpdjWqI9QkLk.2","action":"ProcessGetUpdates", "result":"Done", "context":{"dataType":"History", "deleted":"0", "process_failed_to_decrypt":"0", "process_pending_decryption":"0", "process_success":"250", "total":"250"}}
{"logTime": "0314/095932", "correlationVector":"th/4Vca81sTpdjWqI9QkLk.3","action":"GetUpdates Response", "result":"Success", "context":Received 250 update(s). cV=th/4Vca81sTpdjWqI9QkLk.0;server=akswtt005000029;cloudType=Consumer;environment=Prod_germanywestcentral_prod-s01-011-eur-germanywestcentral;migrationStage=NotStarted Some updates remain.}
{"logTime": "0314/095932", "correlationVector":"iMnG+vlkCiwwTWTjMwND9I","action":"Initial GetUpdates", "result":"", "context":Reason: NEWLY_SUPPORTED_DATATYPE. cV=iMnG+vlkCiwwTWTjMwND9I}
{"logTime": "0314/095933", "correlationVector":"iMnG+vlkCiwwTWTjMwND9I.1","action":"SyncServerConnectionManagerRequest", "result":"SYNC_SERVER_OK", "context":{"environment":"Prod_germanywestcentral_prod-s01-011-eur-germanywestcentral", "migrationStage":"NotStarted", "server":"akswtt00500003c"}}
{"logTime": "0314/095933", "correlationVector":"iMnG+vlkCiwwTWTjMwND9I.2","action":"ProcessGetUpdates", "result":"Done", "context":{"dataType":"History", "deleted":"0", "process_failed_to_decrypt":"0", "process_pending_decryption":"0", "process_success":"250", "total":"250"}}
{"logTime": "0314/095933", "correlationVector":"iMnG+vlkCiwwTWTjMwND9I.3","action":"GetUpdates Response", "result":"Success", "context":Received 250 update(s). cV=iMnG+vlkCiwwTWTjMwND9I.0;server=akswtt00500003c;cloudType=Consumer;environment=Prod_germanywestcentral_prod-s01-011-eur-germanywestcentral;migrationStage=NotStarted Some updates remain.}
{"logTime": "0314/095933", "correlationVector":"Uy/al4dPUOW9aa8FjEhTr9","action":"Initial GetUpdates", "result":"", "context":Reason: NEWLY_SUPPORTED_DATATYPE. cV=Uy/al4dPUOW9aa8FjEhTr9}
{"logTime": "0314/095934", "correlationVector":"Uy/al4dPUOW9aa8FjEhTr9.1","action":"SyncServerConnectionManagerRequest", "result":"SYNC_SERVER_OK", "context":{"environment":"Prod_germanywestcentral_prod-s01-011-eur-germanywestcentral", "migrationStage":"NotStarted", "server":"akswtt005000029"}}
{"logTime": "0314/095934", "correlationVector":"Uy/al4dPUOW9aa8FjEhTr9.2","action":"ProcessGetUpdates", "result":"Done", "context":{"dataType":"History", "deleted":"0", "process_failed_to_decrypt":"0", "process_pending_decryption":"0", "process_success":"250", "total":"250"}}
{"logTime": "0314/095934", "correlationVector":"Uy/al4dPUOW9aa8FjEhTr9.3","action":"GetUpdates Response", "result":"Success", "context":Received 250 update(s). cV=Uy/al4dPUOW9aa8FjEhTr9.0;server=akswtt005000029;cloudType=Consumer;environment=Prod_germanywestcentral_prod-s01-011-eur-germanywestcentral;migrationStage=NotStarted Some updates remain.}
{"logTime": "0314/095934", "correlationVector":"nkueDfukxO87MvNQco1+2R","action":"Initial GetUpdates", "result":"", "context":Reason: NEWLY_SUPPORTED_DATATYPE. cV=nkueDfukxO87MvNQco1+2R}
{"logTime": "0314/095935", "correlationVector":"nkueDfukxO87MvNQco1+2R.1","action":"SyncServerConnectionManagerRequest", "result":"SYNC_SERVER_OK", "context":{"environment":"Prod_germanywestcentral_prod-s01-011-eur-germanywestcentral", "migrationStage":"NotStarted", "server":"akswtt00500003c"}}
{"logTime": "0314/095935", "correlationVector":"nkueDfukxO87MvNQco1+2R.2","action":"ProcessGetUpdates", "result":"Done", "context":{"dataType":"History", "deleted":"0", "process_failed_to_decrypt":"0", "process_pending_decryption":"0", "process_success":"250", "total":"250"}}
{"logTime": "0314/095935", "correlationVector":"nkueDfukxO87MvNQco1+2R.3","action":"GetUpdates Response", "result":"Success", "context":Received 250 update(s). cV=nkueDfukxO87MvNQco1+2R.0;server=akswtt00500003c;cloudType=Consumer;environment=Prod_germanywestcentral_prod-s01-011-eur-germanywestcentral;migrationStage=NotStarted Some updates remain.}
{"logTime": "0314/095935", "correlationVector":"ceo9M5s0zZL4aidse0Ggzm","action":"Initial GetUpdates", "result":"", "context":Reason: NEWLY_SUPPORTED_DATATYPE. cV=ceo9M5s0zZL4aidse0Ggzm}
{"logTime": "0314/095936", "correlationVector":"ceo9M5s0zZL4aidse0Ggzm.1","action":"SyncServerConnectionManagerRequest", "result":"SYNC_SERVER_OK", "context":{"environment":"Prod_germanywestcentral_prod-s01-011-eur-germanywestcentral", "migrationStage":"NotStarted", "server":"akswtt005000019"}}
{"logTime": "0314/095936", "correlationVector":"ceo9M5s0zZL4aidse0Ggzm.2","action":"ProcessGetUpdates", "result":"Done", "context":{"dataType":"History", "deleted":"0", "process_failed_to_decrypt":"0", "process_pending_decryption":"0", "process_success":"250", "total":"250"}}
{"logTime": "0314/095936", "correlationVector":"ceo9M5s0zZL4aidse0Ggzm.3","action":"GetUpdates Response", "result":"Success", "context":Received 250 update(s). cV=ceo9M5s0zZL4aidse0Ggzm.0;server=akswtt005000019;cloudType=Consumer;environment=Prod_germanywestcentral_prod-s01-011-eur-germanywestcentral;migrationStage=NotStarted Some updates remain.}
{"logTime": "0314/095936", "correlationVector":"HcbPe80XtG1z3pzTphhtSQ","action":"Initial GetUpdates", "result":"", "context":Reason: NEWLY_SUPPORTED_DATATYPE. cV=HcbPe80XtG1z3pzTphhtSQ}
{"logTime": "0314/095936", "correlationVector":"HcbPe80XtG1z3pzTphhtSQ.1","action":"SyncServerConnectionManagerRequest", "result":"SYNC_SERVER_OK", "context":{"environment":"Prod_germanywestcentral_prod-s01-011-eur-germanywestcentral", "migrationStage":"NotStarted", "server":"akswtt005000019"}}
{"logTime": "0314/095936", "correlationVector":"HcbPe80XtG1z3pzTphhtSQ.2","action":"ProcessGetUpdates", "result":"Done", "context":{"dataType":"History", "deleted":"0", "process_failed_to_decrypt":"0", "process_pending_decryption":"0", "process_success":"250", "total":"250"}}
{"logTime": "0314/095936", "correlationVector":"HcbPe80XtG1z3pzTphhtSQ.3","action":"GetUpdates Response", "result":"Success", "context":Received 250 update(s). cV=HcbPe80XtG1z3pzTphhtSQ.0;server=akswtt005000019;cloudType=Consumer;environment=Prod_germanywestcentral_prod-s01-011-eur-germanywestcentral;migrationStage=NotStarted Some updates remain.}
{"logTime": "0314/095936", "correlationVector":"W2bORbLRhvmMnwrr2hYqjX","action":"Initial GetUpdates", "result":"", "context":Reason: NEWLY_SUPPORTED_DATATYPE. cV=W2bORbLRhvmMnwrr2hYqjX}
{"logTime": "0314/095937", "correlationVector":"W2bORbLRhvmMnwrr2hYqjX.1","action":"SyncServerConnectionManagerRequest", "result":"SYNC_SERVER_OK", "context":{"environment":"Prod_germanywestcentral_prod-s01-011-eur-germanywestcentral", "migrationStage":"NotStarted", "server":"akswtt00500001m"}}
{"logTime": "0314/095937", "correlationVector":"W2bORbLRhvmMnwrr2hYqjX.2","action":"ProcessGetUpdates", "result":"Done", "context":{"dataType":"History", "deleted":"0", "process_failed_to_decrypt":"0", "process_pending_decryption":"0", "process_success":"250", "total":"250"}}
{"logTime": "0314/095937", "correlationVector":"W2bORbLRhvmMnwrr2hYqjX.3","action":"GetUpdates Response", "result":"Success", "context":Received 250 update(s). cV=W2bORbLRhvmMnwrr2hYqjX.0;server=akswtt00500001m;cloudType=Consumer;environment=Prod_germanywestcentral_prod-s01-011-eur-germanywestcentral;migrationStage=NotStarted Some updates remain.}
{"logTime": "0314/095937", "correlationVector":"yICbBYCWa2SRch9zCoLQS7","action":"Initial GetUpdates", "result":"", "context":Reason: NEWLY_SUPPORTED_DATATYPE. cV=yICbBYCWa2SRch9zCoLQS7}
{"logTime": "0314/095938", "correlationVector":"yICbBYCWa2SRch9zCoLQS7.1","action":"SyncServerConnectionManagerRequest", "result":"SYNC_SERVER_OK", "context":{"environment":"Prod_germanywestcentral_prod-s01-011-eur-germanywestcentral", "migrationStage":"NotStarted", "server":"akswtt005000029"}}
{"logTime": "0314/095938", "correlationVector":"yICbBYCWa2SRch9zCoLQS7.2","action":"ProcessGetUpdates", "result":"Done", "context":{"dataType":"History", "deleted":"0", "process_failed_to_decrypt":"0", "process_pending_decryption":"0", "process_success":"250", "total":"250"}}
{"logTime": "0314/095938", "correlationVector":"yICbBYCWa2SRch9zCoLQS7.3","action":"GetUpdates Response", "result":"Success", "context":Received 250 update(s). cV=yICbBYCWa2SRch9zCoLQS7.0;server=akswtt005000029;cloudType=Consumer;environment=Prod_germanywestcentral_prod-s01-011-eur-germanywestcentral;migrationStage=NotStarted Some updates remain.}
{"logTime": "0314/095938", "correlationVector":"rS7jU8qVH8X//+xAOR93zt","action":"Initial GetUpdates", "result":"", "context":Reason: NEWLY_SUPPORTED_DATATYPE. cV=rS7jU8qVH8X//+xAOR93zt}
{"logTime": "0314/095939", "correlationVector":"rS7jU8qVH8X//+xAOR93zt.1","action":"SyncServerConnectionManagerRequest", "result":"SYNC_SERVER_OK", "context":{"environment":"Prod_germanywestcentral_prod-s01-011-eur-germanywestcentral", "migrationStage":"NotStarted", "server":"akswtt00500003c"}}
{"logTime": "0314/095939", "correlationVector":"rS7jU8qVH8X//+xAOR93zt.2","action":"ProcessGetUpdates", "result":"Done", "context":{"dataType":"History", "deleted":"0", "process_failed_to_decrypt":"0", "process_pending_decryption":"0", "process_success":"250", "total":"250"}}
{"logTime": "0314/095939", "correlationVector":"rS7jU8qVH8X//+xAOR93zt.3","action":"GetUpdates Response", "result":"Success", "context":Received 250 update(s). cV=rS7jU8qVH8X//+xAOR93zt.0;server=akswtt00500003c;cloudType=Consumer;environment=Prod_germanywestcentral_prod-s01-011-eur-germanywestcentral;migrationStage=NotStarted Some updates remain.}
{"logTime": "0314/095939", "correlationVector":"JLcnQd6RkuAE0oIxI6fw00","action":"Initial GetUpdates", "result":"", "context":Reason: NEWLY_SUPPORTED_DATATYPE. cV=JLcnQd6RkuAE0oIxI6fw00}
{"logTime": "0314/095940", "correlationVector":"JLcnQd6RkuAE0oIxI6fw00.1","action":"SyncServerConnectionManagerRequest", "result":"SYNC_SERVER_OK", "context":{"environment":"Prod_germanywestcentral_prod-s01-010-eur-germanywestcentral", "migrationStage":"NotStarted", "server":"akswtt00500003d"}}
{"logTime": "0314/095940", "correlationVector":"JLcnQd6RkuAE0oIxI6fw00.2","action":"ProcessGetUpdates", "result":"Done", "context":{"dataType":"History", "deleted":"0", "process_failed_to_decrypt":"0", "process_pending_decryption":"0", "process_success":"250", "total":"250"}}
{"logTime": "0314/095940", "correlationVector":"JLcnQd6RkuAE0oIxI6fw00.3","action":"GetUpdates Response", "result":"Success", "context":Received 250 update(s). cV=JLcnQd6RkuAE0oIxI6fw00.0;server=akswtt00500003d;cloudType=Consumer;environment=Prod_germanywestcentral_prod-s01-010-eur-germanywestcentral;migrationStage=NotStarted Some updates remain.}
{"logTime": "0314/095940", "correlationVector":"IsIr0koof3Ia0fCieJAzeA","action":"Initial GetUpdates", "result":"", "context":Reason: NEWLY_SUPPORTED_DATATYPE. cV=IsIr0koof3Ia0fCieJAzeA}
{"logTime": "0314/095941", "correlationVector":"IsIr0koof3Ia0fCieJAzeA.1","action":"SyncServerConnectionManagerRequest", "result":"SYNC_SERVER_OK", "context":{"environment":"Prod_germanywestcentral_prod-s01-010-eur-germanywestcentral", "migrationStage":"NotStarted", "server":"akswtt00500001u"}}
{"logTime": "0314/095941", "correlationVector":"IsIr0koof3Ia0fCieJAzeA.2","action":"ProcessGetUpdates", "result":"Done", "context":{"dataType":"History", "deleted":"0", "process_failed_to_decrypt":"0", "process_pending_decryption":"0", "process_success":"250", "total":"250"}}
{"logTime": "0314/095941", "correlationVector":"IsIr0koof3Ia0fCieJAzeA.3","action":"GetUpdates Response", "result":"Success", "context":Received 250 update(s). cV=IsIr0koof3Ia0fCieJAzeA.0;server=akswtt00500001u;cloudType=Consumer;environment=Prod_germanywestcentral_prod-s01-010-eur-germanywestcentral;migrationStage=NotStarted Some updates remain.}
{"logTime": "0314/095941", "correlationVector":"WoDmVnT6TW16cDBYWvXiAx","action":"Initial GetUpdates", "result":"", "context":Reason: NEWLY_SUPPORTED_DATATYPE. cV=WoDmVnT6TW16cDBYWvXiAx}
{"logTime": "0314/095943", "correlationVector":"WoDmVnT6TW16cDBYWvXiAx.1","action":"SyncServerConnectionManagerRequest", "result":"SYNC_SERVER_OK", "context":{"environment":"Prod_germanywestcentral_prod-s01-010-eur-germanywestcentral", "migrationStage":"NotStarted", "server":"akswtt00500000h"}}
{"logTime": "0314/095943", "correlationVector":"WoDmVnT6TW16cDBYWvXiAx.2","action":"ProcessGetUpdates", "result":"Done", "context":{"dataType":"History", "deleted":"0", "process_failed_to_decrypt":"0", "process_pending_decryption":"0", "process_success":"250", "total":"250"}}
{"logTime": "0314/095943", "correlationVector":"WoDmVnT6TW16cDBYWvXiAx.3","action":"GetUpdates Response", "result":"Success", "context":Received 250 update(s). cV=WoDmVnT6TW16cDBYWvXiAx.0;server=akswtt00500000h;cloudType=Consumer;environment=Prod_germanywestcentral_prod-s01-010-eur-germanywestcentral;migrationStage=NotStarted Some updates remain.}
{"logTime": "0314/095943", "correlationVector":"lZ3xhNcBlJAaCGMpqa64ju","action":"Initial GetUpdates", "result":"", "context":Reason: NEWLY_SUPPORTED_DATATYPE. cV=lZ3xhNcBlJAaCGMpqa64ju}
{"logTime": "0314/095944", "correlationVector":"lZ3xhNcBlJAaCGMpqa64ju.1","action":"SyncServerConnectionManagerRequest", "result":"SYNC_SERVER_OK", "context":{"environment":"Prod_germanywestcentral_prod-s01-010-eur-germanywestcentral", "migrationStage":"NotStarted", "server":"akswtt00500001u"}}
{"logTime": "0314/095944", "correlationVector":"lZ3xhNcBlJAaCGMpqa64ju.2","action":"ProcessGetUpdates", "result":"Done", "context":{"dataType":"History", "deleted":"0", "process_failed_to_decrypt":"0", "process_pending_decryption":"0", "process_success":"250", "total":"250"}}
{"logTime": "0314/095944", "correlationVector":"lZ3xhNcBlJAaCGMpqa64ju.3","action":"GetUpdates Response", "result":"Success", "context":Received 250 update(s). cV=lZ3xhNcBlJAaCGMpqa64ju.0;server=akswtt00500001u;cloudType=Consumer;environment=Prod_germanywestcentral_prod-s01-010-eur-germanywestcentral;migrationStage=NotStarted Some updates remain.}
{"logTime": "0314/095944", "correlationVector":"Ss8du66rCxNm++o7aSIChD","action":"Initial GetUpdates", "result":"", "context":Reason: NEWLY_SUPPORTED_DATATYPE. cV=Ss8du66rCxNm++o7aSIChD}
{"logTime": "0314/095944", "correlationVector":"Ss8du66rCxNm++o7aSIChD.1","action":"SyncServerConnectionManagerRequest", "result":"SYNC_SERVER_OK", "context":{"environment":"Prod_germanywestcentral_prod-s01-010-eur-germanywestcentral", "migrationStage":"NotStarted", "server":"akswtt00500000h"}}
{"logTime": "0314/095944", "correlationVector":"Ss8du66rCxNm++o7aSIChD.2","action":"ProcessGetUpdates", "result":"Done", "context":{"dataType":"History", "deleted":"0", "process_failed_to_decrypt":"0", "process_pending_decryption":"0", "process_success":"250", "total":"250"}}
{"logTime": "0314/095944", "correlationVector":"Ss8du66rCxNm++o7aSIChD.3","action":"GetUpdates Response", "result":"Success", "context":Received 250 update(s). cV=Ss8du66rCxNm++o7aSIChD.0;server=akswtt00500000h;cloudType=Consumer;environment=Prod_germanywestcentral_prod-s01-010-eur-germanywestcentral;migrationStage=NotStarted Some updates remain.}
{"logTime": "0314/095944", "correlationVector":"FVPut95M2oNAkiPX9DwuLW","action":"Initial GetUpdates", "result":"", "context":Reason: NEWLY_SUPPORTED_DATATYPE. cV=FVPut95M2oNAkiPX9DwuLW}
{"logTime": "0314/095945", "correlationVector":"FVPut95M2oNAkiPX9DwuLW.1","action":"SyncServerConnectionManagerRequest", "result":"SYNC_SERVER_OK", "context":{"environment":"Prod_germanywestcentral_prod-s01-010-eur-germanywestcentral", "migrationStage":"NotStarted", "server":"akswtt005000034"}}
{"logTime": "0314/095945", "correlationVector":"FVPut95M2oNAkiPX9DwuLW.2","action":"ProcessGetUpdates", "result":"Done", "context":{"dataType":"History", "deleted":"0", "process_failed_to_decrypt":"0", "process_pending_decryption":"0", "process_success":"250", "total":"250"}}
{"logTime": "0314/095945", "correlationVector":"FVPut95M2oNAkiPX9DwuLW.3","action":"GetUpdates Response", "result":"Success", "context":Received 250 update(s). cV=FVPut95M2oNAkiPX9DwuLW.0;server=akswtt005000034;cloudType=Consumer;environment=Prod_germanywestcentral_prod-s01-010-eur-germanywestcentral;migrationStage=NotStarted Some updates remain.}
{"logTime": "0314/095945", "correlationVector":"BhHoY1ePol1agpWDBbDJpf","action":"Initial GetUpdates", "result":"", "context":Reason: NEWLY_SUPPORTED_DATATYPE. cV=BhHoY1ePol1agpWDBbDJpf}
{"logTime": "0314/095946", "correlationVector":"BhHoY1ePol1agpWDBbDJpf.1","action":"SyncServerConnectionManagerRequest", "result":"SYNC_SERVER_OK", "context":{"environment":"Prod_germanywestcentral_prod-s01-010-eur-germanywestcentral", "migrationStage":"NotStarted", "server":"akswtt00500003d"}}
{"logTime": "0314/095946", "correlationVector":"BhHoY1ePol1agpWDBbDJpf.2","action":"ProcessGetUpdates", "result":"Done", "context":{"dataType":"History", "deleted":"0", "process_failed_to_decrypt":"0", "process_pending_decryption":"0", "process_success":"250", "total":"250"}}
{"logTime": "0314/095947", "correlationVector":"BhHoY1ePol1agpWDBbDJpf.3","action":"GetUpdates Response", "result":"Success", "context":Received 250 update(s). cV=BhHoY1ePol1agpWDBbDJpf.0;server=akswtt00500003d;cloudType=Consumer;environment=Prod_germanywestcentral_prod-s01-010-eur-germanywestcentral;migrationStage=NotStarted Some updates remain.}
{"logTime": "0314/095947", "correlationVector":"d6/u1sKdbE22vsVG4vR0ib","action":"Initial GetUpdates", "result":"", "context":Reason: NEWLY_SUPPORTED_DATATYPE. cV=d6/u1sKdbE22vsVG4vR0ib}
{"logTime": "0314/095947", "correlationVector":"d6/u1sKdbE22vsVG4vR0ib.1","action":"SyncServerConnectionManagerRequest", "result":"SYNC_SERVER_OK", "context":{"environment":"Prod_germanywestcentral_prod-s01-010-eur-germanywestcentral", "migrationStage":"NotStarted", "server":"akswtt00500000h"}}
{"logTime": "0314/095947", "correlationVector":"d6/u1sKdbE22vsVG4vR0ib.2","action":"ProcessGetUpdates", "result":"Done", "context":{"dataType":"History", "deleted":"0", "process_failed_to_decrypt":"0", "process_pending_decryption":"0", "process_success":"250", "total":"250"}}
{"logTime": "0314/095947", "correlationVector":"d6/u1sKdbE22vsVG4vR0ib.3","action":"GetUpdates Response", "result":"Success", "context":Received 250 update(s). cV=d6/u1sKdbE22vsVG4vR0ib.0;server=akswtt00500000h;cloudType=Consumer;environment=Prod_germanywestcentral_prod-s01-010-eur-germanywestcentral;migrationStage=NotStarted Some updates remain.}
{"logTime": "0314/095947", "correlationVector":"HBqO5GRjCUAxXJPRtNgsRR","action":"Initial GetUpdates", "result":"", "context":Reason: NEWLY_SUPPORTED_DATATYPE. cV=HBqO5GRjCUAxXJPRtNgsRR}
{"logTime": "0314/095948", "correlationVector":"HBqO5GRjCUAxXJPRtNgsRR.1","action":"SyncServerConnectionManagerRequest", "result":"SYNC_SERVER_OK", "context":{"environment":"Prod_germanywestcentral_prod-s01-010-eur-germanywestcentral", "migrationStage":"NotStarted", "server":"akswtt00500001u"}}
{"logTime": "0314/095948", "correlationVector":"HBqO5GRjCUAxXJPRtNgsRR.2","action":"ProcessGetUpdates", "result":"Done", "context":{"dataType":"History", "deleted":"0", "process_failed_to_decrypt":"0", "process_pending_decryption":"0", "process_success":"250", "total":"250"}}
{"logTime": "0314/095948", "correlationVector":"HBqO5GRjCUAxXJPRtNgsRR.3","action":"GetUpdates Response", "result":"Success", "context":Received 250 update(s). cV=HBqO5GRjCUAxXJPRtNgsRR.0;server=akswtt00500001u;cloudType=Consumer;environment=Prod_germanywestcentral_prod-s01-010-eur-germanywestcentral;migrationStage=NotStarted Some updates remain.}
{"logTime": "0314/095948", "correlationVector":"q2Gl6sd7w/lg0cHa8PwK2j","action":"Initial GetUpdates", "result":"", "context":Reason: NEWLY_SUPPORTED_DATATYPE. cV=q2Gl6sd7w/lg0cHa8PwK2j}
{"logTime": "0314/095949", "correlationVector":"q2Gl6sd7w/lg0cHa8PwK2j.1","action":"SyncServerConnectionManagerRequest", "result":"SYNC_SERVER_OK", "context":{"environment":"Prod_germanywestcentral_prod-s01-010-eur-germanywestcentral", "migrationStage":"NotStarted", "server":"akswtt00500003d"}}
{"logTime": "0314/095949", "correlationVector":"q2Gl6sd7w/lg0cHa8PwK2j.2","action":"ProcessGetUpdates", "result":"Done", "context":{"dataType":"History", "deleted":"0", "process_failed_to_decrypt":"0", "process_pending_decryption":"0", "process_success":"250", "total":"250"}}
{"logTime": "0314/095949", "correlationVector":"q2Gl6sd7w/lg0cHa8PwK2j.3","action":"GetUpdates Response", "result":"Success", "context":Received 250 update(s). cV=q2Gl6sd7w/lg0cHa8PwK2j.0;server=akswtt00500003d;cloudType=Consumer;environment=Prod_germanywestcentral_prod-s01-010-eur-germanywestcentral;migrationStage=NotStarted Some updates remain.}
{"logTime": "0314/095949", "correlationVector":"nLQL5vvoRvXRJFSIzC1OYQ","action":"Initial GetUpdates", "result":"", "context":Reason: NEWLY_SUPPORTED_DATATYPE. cV=nLQL5vvoRvXRJFSIzC1OYQ}
{"logTime": "0314/095950", "correlationVector":"nLQL5vvoRvXRJFSIzC1OYQ.1","action":"SyncServerConnectionManagerRequest", "result":"SYNC_SERVER_OK", "context":{"environment":"Prod_germanywestcentral_prod-s01-010-eur-germanywestcentral", "migrationStage":"NotStarted", "server":"akswtt00500001u"}}
{"logTime": "0314/095950", "correlationVector":"nLQL5vvoRvXRJFSIzC1OYQ.2","action":"ProcessGetUpdates", "result":"Done", "context":{"dataType":"History", "deleted":"0", "process_failed_to_decrypt":"0", "process_pending_decryption":"0", "process_success":"250", "total":"250"}}
{"logTime": "0314/095950", "correlationVector":"nLQL5vvoRvXRJFSIzC1OYQ.3","action":"GetUpdates Response", "result":"Success", "context":Received 250 update(s). cV=nLQL5vvoRvXRJFSIzC1OYQ.0;server=akswtt00500001u;cloudType=Consumer;environment=Prod_germanywestcentral_prod-s01-010-eur-germanywestcentral;migrationStage=NotStarted Some updates remain.}
{"logTime": "0314/095950", "correlationVector":"8nf+FRYKH6lGC7u+iMemgk","action":"Initial GetUpdates", "result":"", "context":Reason: NEWLY_SUPPORTED_DATATYPE. cV=8nf+FRYKH6lGC7u+iMemgk}
{"logTime": "0314/095951", "correlationVector":"8nf+FRYKH6lGC7u+iMemgk.1","action":"SyncServerConnectionManagerRequest", "result":"SYNC_SERVER_OK", "context":{"environment":"Prod_germanywestcentral_prod-s01-010-eur-germanywestcentral", "migrationStage":"NotStarted", "server":"akswtt00500003d"}}
{"logTime": "0314/095951", "correlationVector":"8nf+FRYKH6lGC7u+iMemgk.2","action":"ProcessGetUpdates", "result":"Done", "context":{"dataType":"History", "deleted":"0", "process_failed_to_decrypt":"0", "process_pending_decryption":"0", "process_success":"250", "total":"250"}}
{"logTime": "0314/095951", "correlationVector":"8nf+FRYKH6lGC7u+iMemgk.3","action":"GetUpdates Response", "result":"Success", "context":Received 250 update(s). cV=8nf+FRYKH6lGC7u+iMemgk.0;server=akswtt00500003d;cloudType=Consumer;environment=Prod_germanywestcentral_prod-s01-010-eur-germanywestcentral;migrationStage=NotStarted Some updates remain.}
{"logTime": "0314/095951", "correlationVector":"RkwivH0UBjffBzt+9MoJyf","action":"Initial GetUpdates", "result":"", "context":Reason: NEWLY_SUPPORTED_DATATYPE. cV=RkwivH0UBjffBzt+9MoJyf}
{"logTime": "0314/095953", "correlationVector":"RkwivH0UBjffBzt+9MoJyf.1","action":"SyncServerConnectionManagerRequest", "result":"SYNC_SERVER_OK", "context":{"environment":"Prod_germanywestcentral_prod-s01-010-eur-germanywestcentral", "migrationStage":"NotStarted", "server":"akswtt00500000k"}}
{"logTime": "0314/095953", "correlationVector":"RkwivH0UBjffBzt+9MoJyf.2","action":"ProcessGetUpdates", "result":"Done", "context":{"dataType":"History", "deleted":"0", "process_failed_to_decrypt":"0", "process_pending_decryption":"0", "process_success":"250", "total":"250"}}
{"logTime": "0314/095953", "correlationVector":"RkwivH0UBjffBzt+9MoJyf.3","action":"GetUpdates Response", "result":"Success", "context":Received 250 update(s). cV=RkwivH0UBjffBzt+9MoJyf.0;server=akswtt00500000k;cloudType=Consumer;environment=Prod_germanywestcentral_prod-s01-010-eur-germanywestcentral;migrationStage=NotStarted Some updates remain.}
{"logTime": "0314/095953", "correlationVector":"r3PsDJ67qC7Ey31Ef+qI7p","action":"Initial GetUpdates", "result":"", "context":Reason: NEWLY_SUPPORTED_DATATYPE. cV=r3PsDJ67qC7Ey31Ef+qI7p}
{"logTime": "0314/095954", "correlationVector":"r3PsDJ67qC7Ey31Ef+qI7p.1","action":"SyncServerConnectionManagerRequest", "result":"SYNC_SERVER_OK", "context":{"environment":"Prod_germanywestcentral_prod-s01-010-eur-germanywestcentral", "migrationStage":"NotStarted", "server":"akswtt005000034"}}
{"logTime": "0314/095954", "correlationVector":"r3PsDJ67qC7Ey31Ef+qI7p.2","action":"ProcessGetUpdates", "result":"Done", "context":{"dataType":"History", "deleted":"0", "process_failed_to_decrypt":"0", "process_pending_decryption":"0", "process_success":"250", "total":"250"}}
{"logTime": "0314/095954", "correlationVector":"r3PsDJ67qC7Ey31Ef+qI7p.3","action":"GetUpdates Response", "result":"Success", "context":Received 250 update(s). cV=r3PsDJ67qC7Ey31Ef+qI7p.0;server=akswtt005000034;cloudType=Consumer;environment=Prod_germanywestcentral_prod-s01-010-eur-germanywestcentral;migrationStage=NotStarted Some updates remain.}
{"logTime": "0314/095954", "correlationVector":"s1QRJfAEwekKu8HTJHfgvT","action":"Initial GetUpdates", "result":"", "context":Reason: NEWLY_SUPPORTED_DATATYPE. cV=s1QRJfAEwekKu8HTJHfgvT}
{"logTime": "0314/095955", "correlationVector":"s1QRJfAEwekKu8HTJHfgvT.1","action":"SyncServerConnectionManagerRequest", "result":"SYNC_SERVER_OK", "context":{"environment":"Prod_germanywestcentral_prod-s01-010-eur-germanywestcentral", "migrationStage":"NotStarted", "server":"akswtt00500001u"}}
{"logTime": "0314/095955", "correlationVector":"s1QRJfAEwekKu8HTJHfgvT.2","action":"ProcessGetUpdates", "result":"Done", "context":{"dataType":"History", "deleted":"0", "process_failed_to_decrypt":"0", "process_pending_decryption":"0", "process_success":"250", "total":"250"}}
{"logTime": "0314/095955", "correlationVector":"s1QRJfAEwekKu8HTJHfgvT.3","action":"GetUpdates Response", "result":"Success", "context":Received 250 update(s). cV=s1QRJfAEwekKu8HTJHfgvT.0;server=akswtt00500001u;cloudType=Consumer;environment=Prod_germanywestcentral_prod-s01-010-eur-germanywestcentral;migrationStage=NotStarted Some updates remain.}
{"logTime": "0314/095955", "correlationVector":"FkRZdreaeJf/I5YKXFqf06","action":"Initial GetUpdates", "result":"", "context":Reason: NEWLY_SUPPORTED_DATATYPE. cV=FkRZdreaeJf/I5YKXFqf06}
{"logTime": "0314/095956", "correlationVector":"FkRZdreaeJf/I5YKXFqf06.1","action":"SyncServerConnectionManagerRequest", "result":"SYNC_SERVER_OK", "context":{"environment":"Prod_germanywestcentral_prod-s01-010-eur-germanywestcentral", "migrationStage":"NotStarted", "server":"akswtt00500000k"}}
{"logTime": "0314/095956", "correlationVector":"FkRZdreaeJf/I5YKXFqf06.2","action":"ProcessGetUpdates", "result":"Done", "context":{"dataType":"History", "deleted":"0", "process_failed_to_decrypt":"0", "process_pending_decryption":"0", "process_success":"250", "total":"250"}}
{"logTime": "0314/095956", "correlationVector":"FkRZdreaeJf/I5YKXFqf06.3","action":"GetUpdates Response", "result":"Success", "context":Received 250 update(s). cV=FkRZdreaeJf/I5YKXFqf06.0;server=akswtt00500000k;cloudType=Consumer;environment=Prod_germanywestcentral_prod-s01-010-eur-germanywestcentral;migrationStage=NotStarted Some updates remain.}
{"logTime": "0314/095956", "correlationVector":"Eq3GyoR3anDQrr082z6jQL","action":"Initial GetUpdates", "result":"", "context":Reason: NEWLY_SUPPORTED_DATATYPE. cV=Eq3GyoR3anDQrr082z6jQL}
{"logTime": "0314/095957", "correlationVector":"Eq3GyoR3anDQrr082z6jQL.1","action":"SyncServerConnectionManagerRequest", "result":"SYNC_SERVER_OK", "context":{"environment":"Prod_germanywestcentral_prod-s01-010-eur-germanywestcentral", "migrationStage":"NotStarted", "server":"akswtt005000034"}}
{"logTime": "0314/095957", "correlationVector":"Eq3GyoR3anDQrr082z6jQL.2","action":"ProcessGetUpdates", "result":"Done", "context":{"dataType":"History", "deleted":"0", "process_failed_to_decrypt":"0", "process_pending_decryption":"0", "process_success":"250", "total":"250"}}
{"logTime": "0314/095957", "correlationVector":"Eq3GyoR3anDQrr082z6jQL.3","action":"GetUpdates Response", "result":"Success", "context":Received 250 update(s). cV=Eq3GyoR3anDQrr082z6jQL.0;server=akswtt005000034;cloudType=Consumer;environment=Prod_germanywestcentral_prod-s01-010-eur-germanywestcentral;migrationStage=NotStarted Some updates remain.}
{"logTime": "0314/095957", "correlationVector":"UQGaDdbJKKsrQjRgojAzzt","action":"Initial GetUpdates", "result":"", "context":Reason: NEWLY_SUPPORTED_DATATYPE. cV=UQGaDdbJKKsrQjRgojAzzt}
{"logTime": "0314/095957", "correlationVector":"UQGaDdbJKKsrQjRgojAzzt.1","action":"SyncServerConnectionManagerRequest", "result":"SYNC_SERVER_OK", "context":{"environment":"Prod_germanywestcentral_prod-s01-010-eur-germanywestcentral", "migrationStage":"NotStarted", "server":"akswtt00500003d"}}
{"logTime": "0314/095957", "correlationVector":"UQGaDdbJKKsrQjRgojAzzt.2","action":"ProcessGetUpdates", "result":"Done", "context":{"dataType":"History", "deleted":"0", "process_failed_to_decrypt":"0", "process_pending_decryption":"0", "process_success":"250", "total":"250"}}
{"logTime": "0314/095957", "correlationVector":"UQGaDdbJKKsrQjRgojAzzt.3","action":"GetUpdates Response", "result":"Success", "context":Received 250 update(s). cV=UQGaDdbJKKsrQjRgojAzzt.0;server=akswtt00500003d;cloudType=Consumer;environment=Prod_germanywestcentral_prod-s01-010-eur-germanywestcentral;migrationStage=NotStarted Some updates remain.}
{"logTime": "0314/095957", "correlationVector":"fZZkau8O4JQcA8WV5iEeKS","action":"Initial GetUpdates", "result":"", "context":Reason: NEWLY_SUPPORTED_DATATYPE. cV=fZZkau8O4JQcA8WV5iEeKS}
{"logTime": "0314/095958", "correlationVector":"fZZkau8O4JQcA8WV5iEeKS.1","action":"SyncServerConnectionManagerRequest", "result":"SYNC_SERVER_OK", "context":{"environment":"Prod_germanywestcentral_prod-s01-010-eur-germanywestcentral", "migrationStage":"NotStarted", "server":"akswtt00500001u"}}
{"logTime": "0314/095958", "correlationVector":"fZZkau8O4JQcA8WV5iEeKS.2","action":"ProcessGetUpdates", "result":"Done", "context":{"dataType":"History", "deleted":"0", "process_failed_to_decrypt":"0", "process_pending_decryption":"0", "process_success":"250", "total":"250"}}
{"logTime": "0314/095958", "correlationVector":"fZZkau8O4JQcA8WV5iEeKS.3","action":"GetUpdates Response", "result":"Success", "context":Received 250 update(s). cV=fZZkau8O4JQcA8WV5iEeKS.0;server=akswtt00500001u;cloudType=Consumer;environment=Prod_germanywestcentral_prod-s01-010-eur-germanywestcentral;migrationStage=NotStarted Some updates remain.}
{"logTime": "0314/095958", "correlationVector":"iOaAxQmlZstTGf1ln74ArV","action":"Initial GetUpdates", "result":"", "context":Reason: NEWLY_SUPPORTED_DATATYPE. cV=iOaAxQmlZstTGf1ln74ArV}
{"logTime": "0314/095959", "correlationVector":"iOaAxQmlZstTGf1ln74ArV.1","action":"SyncServerConnectionManagerRequest", "result":"SYNC_SERVER_OK", "context":{"environment":"Prod_germanywestcentral_prod-s01-010-eur-germanywestcentral", "migrationStage":"NotStarted", "server":"akswtt00500000h"}}
{"logTime": "0314/095959", "correlationVector":"iOaAxQmlZstTGf1ln74ArV.2","action":"ProcessGetUpdates", "result":"Done", "context":{"dataType":"History", "deleted":"0", "process_failed_to_decrypt":"0", "process_pending_decryption":"0", "process_success":"250", "total":"250"}}
{"logTime": "0314/095959", "correlationVector":"iOaAxQmlZstTGf1ln74ArV.3","action":"GetUpdates Response", "result":"Success", "context":Received 250 update(s). cV=iOaAxQmlZstTGf1ln74ArV.0;server=akswtt00500000h;cloudType=Consumer;environment=Prod_germanywestcentral_prod-s01-010-eur-germanywestcentral;migrationStage=NotStarted Some updates remain.}
{"logTime": "0314/095959", "correlationVector":"yASHCtd1HVEFGcdOcs95qo","action":"Initial GetUpdates", "result":"", "context":Reason: NEWLY_SUPPORTED_DATATYPE. cV=yASHCtd1HVEFGcdOcs95qo}
{"logTime": "0314/100000", "correlationVector":"yASHCtd1HVEFGcdOcs95qo.1","action":"SyncServerConnectionManagerRequest", "result":"SYNC_SERVER_OK", "context":{"environment":"Prod_germanywestcentral_prod-s01-010-eur-germanywestcentral", "migrationStage":"NotStarted", "server":"akswtt00500000k"}}
{"logTime": "0314/100000", "correlationVector":"yASHCtd1HVEFGcdOcs95qo.2","action":"ProcessGetUpdates", "result":"Done", "context":{"dataType":"History", "deleted":"0", "process_failed_to_decrypt":"0", "process_pending_decryption":"0", "process_success":"250", "total":"250"}}
{"logTime": "0314/100000", "correlationVector":"yASHCtd1HVEFGcdOcs95qo.3","action":"GetUpdates Response", "result":"Success", "context":Received 250 update(s). cV=yASHCtd1HVEFGcdOcs95qo.0;server=akswtt00500000k;cloudType=Consumer;environment=Prod_germanywestcentral_prod-s01-010-eur-germanywestcentral;migrationStage=NotStarted Some updates remain.}
{"logTime": "0314/100000", "correlationVector":"KvlkbALBUth14rnw+d8+xX","action":"Initial GetUpdates", "result":"", "context":Reason: NEWLY_SUPPORTED_DATATYPE. cV=KvlkbALBUth14rnw+d8+xX}
{"logTime": "0314/100001", "correlationVector":"KvlkbALBUth14rnw+d8+xX.1","action":"SyncServerConnectionManagerRequest", "result":"SYNC_SERVER_OK", "context":{"environment":"Prod_germanywestcentral_prod-s01-010-eur-germanywestcentral", "migrationStage":"NotStarted", "server":"akswtt00500001u"}}
{"logTime": "0314/100001", "correlationVector":"KvlkbALBUth14rnw+d8+xX.2","action":"ProcessGetUpdates", "result":"Done", "context":{"dataType":"History", "deleted":"0", "process_failed_to_decrypt":"0", "process_pending_decryption":"0", "process_success":"250", "total":"250"}}
{"logTime": "0314/100001", "correlationVector":"KvlkbALBUth14rnw+d8+xX.3","action":"GetUpdates Response", "result":"Success", "context":Received 250 update(s). cV=KvlkbALBUth14rnw+d8+xX.0;server=akswtt00500001u;cloudType=Consumer;environment=Prod_germanywestcentral_prod-s01-010-eur-germanywestcentral;migrationStage=NotStarted Some updates remain.}
{"logTime": "0314/100001", "correlationVector":"0jWo8cueRFYYnTKSnfbGYM","action":"Initial GetUpdates", "result":"", "context":Reason: NEWLY_SUPPORTED_DATATYPE. cV=0jWo8cueRFYYnTKSnfbGYM}
{"logTime": "0314/100002", "correlationVector":"0jWo8cueRFYYnTKSnfbGYM.1","action":"SyncServerConnectionManagerRequest", "result":"SYNC_SERVER_OK", "context":{"environment":"Prod_germanywestcentral_prod-s01-010-eur-germanywestcentral", "migrationStage":"NotStarted", "server":"akswtt00500003d"}}
{"logTime": "0314/100002", "correlationVector":"0jWo8cueRFYYnTKSnfbGYM.2","action":"ProcessGetUpdates", "result":"Done", "context":{"dataType":"History", "deleted":"0", "process_failed_to_decrypt":"0", "process_pending_decryption":"0", "process_success":"250", "total":"250"}}
{"logTime": "0314/100002", "correlationVector":"0jWo8cueRFYYnTKSnfbGYM.3","action":"GetUpdates Response", "result":"Success", "context":Received 250 update(s). cV=0jWo8cueRFYYnTKSnfbGYM.0;server=akswtt00500003d;cloudType=Consumer;environment=Prod_germanywestcentral_prod-s01-010-eur-germanywestcentral;migrationStage=NotStarted Some updates remain.}
{"logTime": "0314/100002", "correlationVector":"rBCI0j5Nhs4Wn9JQ3/dDc0","action":"Initial GetUpdates", "result":"", "context":Reason: NEWLY_SUPPORTED_DATATYPE. cV=rBCI0j5Nhs4Wn9JQ3/dDc0}
{"logTime": "0314/100003", "correlationVector":"rBCI0j5Nhs4Wn9JQ3/dDc0.1","action":"SyncServerConnectionManagerRequest", "result":"SYNC_SERVER_OK", "context":{"environment":"Prod_germanywestcentral_prod-s01-010-eur-germanywestcentral", "migrationStage":"NotStarted", "server":"akswtt00500000k"}}
{"logTime": "0314/100003", "correlationVector":"rBCI0j5Nhs4Wn9JQ3/dDc0.2","action":"ProcessGetUpdates", "result":"Done", "context":{"dataType":"History", "deleted":"0", "process_failed_to_decrypt":"0", "process_pending_decryption":"0", "process_success":"250", "total":"250"}}
{"logTime": "0314/100003", "correlationVector":"rBCI0j5Nhs4Wn9JQ3/dDc0.3","action":"GetUpdates Response", "result":"Success", "context":Received 250 update(s). cV=rBCI0j5Nhs4Wn9JQ3/dDc0.0;server=akswtt00500000k;cloudType=Consumer;environment=Prod_germanywestcentral_prod-s01-010-eur-germanywestcentral;migrationStage=NotStarted Some updates remain.}
{"logTime": "0314/100003", "correlationVector":"poJE+Pk3cCIEHx8xP1+jpq","action":"Initial GetUpdates", "result":"", "context":Reason: NEWLY_SUPPORTED_DATATYPE. cV=poJE+Pk3cCIEHx8xP1+jpq}
{"logTime": "0314/100004", "correlationVector":"poJE+Pk3cCIEHx8xP1+jpq.1","action":"SyncServerConnectionManagerRequest", "result":"SYNC_SERVER_OK", "context":{"environment":"Prod_germanywestcentral_prod-s01-010-eur-germanywestcentral", "migrationStage":"NotStarted", "server":"akswtt00500000h"}}
{"logTime": "0314/100004", "correlationVector":"poJE+Pk3cCIEHx8xP1+jpq.2","action":"ProcessGetUpdates", "result":"Done", "context":{"dataType":"History", "deleted":"0", "process_failed_to_decrypt":"0", "process_pending_decryption":"0", "process_success":"240", "total":"240"}}
{"logTime": "0314/100004", "correlationVector":"poJE+Pk3cCIEHx8xP1+jpq.3","action":"GetUpdates Response", "result":"Success", "context":Received 240 update(s). cV=poJE+Pk3cCIEHx8xP1+jpq.0;server=akswtt00500000h;cloudType=Consumer;environment=Prod_germanywestcentral_prod-s01-010-eur-germanywestcentral;migrationStage=NotStarted}
{"logTime": "0314/100004", "correlationVector":"Zp1f91UgIqva5RHUjQnm6Q","action":"Normal GetUpdate request", "result":"", "context":cV=Zp1f91UgIqva5RHUjQnm6Q
Nudged types: Preferences, Passwords, Sessions, Device Info, User Consents
Refresh requested types: Bookmarks, Preferences, Passwords, Autofill Profiles, Autofill, Extensions, Sessions, Extension settings, History Delete Directives, Device Info, User Consents, Send Tab To Self, Web Apps, History, Collection, Edge E Drop, Edge Hub App Usage, Edge Tab Group, Edge Wallet, Encryption Keys}
{"logTime": "0314/100005", "correlationVector":"Zp1f91UgIqva5RHUjQnm6Q.1","action":"SyncServerConnectionManagerRequest", "result":"SYNC_SERVER_OK", "context":{"environment":"Prod_germanywestcentral_prod-s01-010-eur-germanywestcentral", "migrationStage":"NotStarted", "server":"akswtt00500003d"}}
{"logTime": "0314/100005", "correlationVector":"Zp1f91UgIqva5RHUjQnm6Q.2","action":"ProcessGetUpdates", "result":"Done", "context":{"dataType":"Sessions", "deleted":"1", "process_failed_to_decrypt":"0", "process_pending_decryption":"0", "process_success":"3", "total":"3"}}
{"logTime": "0314/100005", "correlationVector":"Zp1f91UgIqva5RHUjQnm6Q.3","action":"GetUpdates Response", "result":"Success", "context":Received 3 update(s). cV=Zp1f91UgIqva5RHUjQnm6Q.0;server=akswtt00500003d;cloudType=Consumer;environment=Prod_germanywestcentral_prod-s01-010-eur-germanywestcentral;migrationStage=NotStarted}
{"logTime": "0314/100005", "correlationVector":"ZxbUg+TJ3wn6eJq7akbjwT","action":"Commit Request", "result":"", "context":Item count: 8
Contributing types: Preferences, Passwords, Sessions, Device Info, User Consents}
{"logTime": "0314/100006", "correlationVector":"ZxbUg+TJ3wn6eJq7akbjwT.1","action":"SyncServerConnectionManagerRequest", "result":"SYNC_SERVER_OK", "context":{"environment":"Prod_germanywestcentral_prod-s01-010-eur-germanywestcentral", "migrationStage":"NotStarted", "server":"akswtt00500001u"}}
{"logTime": "0314/100006", "correlationVector":"ZxbUg+TJ3wn6eJq7akbjwT.2","action":"Commit Response", "result":"Success", "context":Result: Success. cV=ZxbUg+TJ3wn6eJq7akbjwT.0;server=akswtt00500001u;cloudType=Consumer;environment=Prod_germanywestcentral_prod-s01-010-eur-germanywestcentral;migrationStage=NotStarted}
{"logTime": "0314/100006", "correlationVector":"ZxbUg+TJ3wn6eJq7akbjwT.3","action":"Commit.Passwords", "result":"Success", "context":{"id":"a3d14658-ed1d-44a9-9e1c-55b4a9e6a2a5", "isDeleted":"true", "size":"0", "version":"1738997188644"}}
{"logTime": "0314/100022", "correlationVector":"tfXPgHatQVDfIPx0k3fWe0","action":"Normal GetUpdate request", "result":"", "context":cV=tfXPgHatQVDfIPx0k3fWe0
Notified types: Preferences, Passwords}
{"logTime": "0314/100025", "correlationVector":"tfXPgHatQVDfIPx0k3fWe0.1","action":"SyncServerConnectionManagerRequest", "result":"SYNC_SERVER_OK", "context":{"environment":"Prod_germanywestcentral_prod-s01-010-eur-germanywestcentral", "migrationStage":"NotStarted", "server":"akswtt00500001u"}}
{"logTime": "0314/100025", "correlationVector":"tfXPgHatQVDfIPx0k3fWe0.2","action":"ProcessGetUpdates", "result":"Done", "context":{"dataType":"Preferences", "deleted":"0", "process_failed_to_decrypt":"0", "process_pending_decryption":"0", "process_success":"1", "total":"1"}}
{"logTime": "0314/100025", "correlationVector":"tfXPgHatQVDfIPx0k3fWe0.3","action":"ProcessGetUpdates", "result":"Done", "context":{"dataType":"Passwords", "deleted":"1", "process_failed_to_decrypt":"0", "process_pending_decryption":"0", "process_success":"2", "total":"2"}}
{"logTime": "0314/100025", "correlationVector":"tfXPgHatQVDfIPx0k3fWe0.4","action":"ProcessGetUpdates", "result":"Done", "context":{"dataType":"Sessions", "deleted":"0", "process_failed_to_decrypt":"0", "process_pending_decryption":"0", "process_success":"2", "total":"2"}}
{"logTime": "0314/100025", "correlationVector":"tfXPgHatQVDfIPx0k3fWe0.5","action":"ProcessGetUpdates", "result":"Done", "context":{"dataType":"Device Info", "deleted":"0", "process_failed_to_decrypt":"0", "process_pending_decryption":"0", "process_success":"1", "total":"1"}}
{"logTime": "0314/100025", "correlationVector":"tfXPgHatQVDfIPx0k3fWe0.6","action":"GetUpdates Response", "result":"Success", "context":Received 6 update(s). cV=tfXPgHatQVDfIPx0k3fWe0.0;server=akswtt00500001u;cloudType=Consumer;environment=Prod_germanywestcentral_prod-s01-010-eur-germanywestcentral;migrationStage=NotStarted}
{"logTime": "0314/100027", "correlationVector":"QVruPXHSGiKG5S/lz71qXX","action":"DoCompareDataConsistency requsted types: ", "result":"Bookmarks, Preferences, Passwords, Extensions, Extension settings, History Delete Directives, Send Tab To Self, Web Apps, History, Collection, Edge E Drop, Edge Tab Group, Edge Wallet, Encryption Keys"}
{"logTime": "0314/100027", "correlationVector":"QVruPXHSGiKG5S/lz71qXX.0","action":"CompareDataConsistency result: ", "result":"Compare result: Encryption Keys is consistent. local entities count is: 1 local entities hash is: S/McQPT9q9dUl8BdKdXqq/GYWkw="}
{"logTime": "0314/100027", "correlationVector":"QVruPXHSGiKG5S/lz71qXX.1","action":"CompareDataConsistency result: ", "result":"Compare result: Bookmarks is consistent. local entities count is: 375 local entities hash is: /qqZlEvC0gWtlc3zA6/Re67w/xs="}
{"logTime": "0314/100027", "correlationVector":"QVruPXHSGiKG5S/lz71qXX.2","action":"CompareDataConsistency result: ", "result":"Compare result: Preferences is consistent. local entities count is: 116 local entities hash is: xWwqfQoGe+/OgPKUoREZK2xfbXY="}
{"logTime": "0314/100027", "correlationVector":"QVruPXHSGiKG5S/lz71qXX.3","action":"CompareDataConsistency result: ", "result":"Compare result: Extensions is consistent. local entities count is: 6 local entities hash is: bZjpVGXIQiU0EzCLlXFvN695m64="}
{"logTime": "0314/100027", "correlationVector":"QVruPXHSGiKG5S/lz71qXX.4","action":"CompareDataConsistency result: ", "result":"Compare result: Extension settings is consistent. local entities count is: 0 local entities hash is: "}
{"logTime": "0314/100027", "correlationVector":"QVruPXHSGiKG5S/lz71qXX.5","action":"CompareDataConsistency result: ", "result":"Compare result: History Delete Directives is consistent. local entities count is: 0 local entities hash is: "}
{"logTime": "0314/100027", "correlationVector":"QVruPXHSGiKG5S/lz71qXX.6","action":"CompareDataConsistency result: ", "result":"Server did not send this Send Tab To Self local entities count is: 0 local entities hash is: "}
{"logTime": "0314/100027", "correlationVector":"QVruPXHSGiKG5S/lz71qXX.7","action":"CompareDataConsistency result: ", "result":"Compare result: Web Apps is consistent. local entities count is: 0 local entities hash is: "}
{"logTime": "0314/100027", "correlationVector":"QVruPXHSGiKG5S/lz71qXX.8","action":"CompareDataConsistency result: ", "result":"Server did not send this History local entities count is: 0 local entities hash is: "}
{"logTime": "0314/100027", "correlationVector":"QVruPXHSGiKG5S/lz71qXX.9","action":"CompareDataConsistency result: ", "result":"Compare result: Collection is consistent. local entities count is: 0 local entities hash is: "}
{"logTime": "0314/100027", "correlationVector":"QVruPXHSGiKG5S/lz71qXX.10","action":"CompareDataConsistency result: ", "result":"Compare result: Edge E Drop is consistent. local entities count is: 0 local entities hash is: "}
{"logTime": "0314/100027", "correlationVector":"QVruPXHSGiKG5S/lz71qXX.11","action":"CompareDataConsistency result: ", "result":"Compare result: Edge Tab Group is consistent. local entities count is: 2 local entities hash is: 7IIlilBi+r1kLOm3k2+d1tt5MDk="}
{"logTime": "0314/100027", "correlationVector":"QVruPXHSGiKG5S/lz71qXX.12","action":"CompareDataConsistency result: ", "result":"Compare result: Edge Wallet is consistent. local entities count is: 0 local entities hash is: "}
{"logTime": "0314/100027", "correlationVector":"QVruPXHSGiKG5S/lz71qXX.13","action":"CompareDataConsistency result: ", "result":"Compare result: Passwords is consistent. local entities count is: 750 local entities hash is: qHbgpa2LxdLSbnRV4hp3jql73Z8="}
{"logTime": "0314/100027", "correlationVector":"","action":"DIAGNOSTIC_REQUEST|v1/diagnosticData/Diagnostic.SendCheckResult()|SUCCESS", "result":""}
{"logTime": "0314/100210", "correlationVector":"zMYbKYUATr2xugIcQU5nPX","action":"Commit Request", "result":"", "context":Item count: 3
Contributing types: Sessions, History}
{"logTime": "0314/100210", "correlationVector":"zMYbKYUATr2xugIcQU5nPX.1","action":"SyncServerConnectionManagerRequest", "result":"SYNC_SERVER_OK", "context":{"environment":"Prod_germanywestcentral_prod-s01-010-eur-germanywestcentral", "migrationStage":"NotStarted", "server":"akswtt00500003d"}}
{"logTime": "0314/100210", "correlationVector":"zMYbKYUATr2xugIcQU5nPX.2","action":"Commit Response", "result":"Success", "context":Result: Success. cV=zMYbKYUATr2xugIcQU5nPX.0;server=akswtt00500003d;cloudType=Consumer;environment=Prod_germanywestcentral_prod-s01-010-eur-germanywestcentral;migrationStage=NotStarted}
{"logTime": "0314/100733", "correlationVector":"+CJQixWcEtlOVFwbsXWBBE.1","action":"SyncServerConnectionManagerRequest", "result":"SYNC_SERVER_OK", "context":{"environment":"Prod_germanywestcentral_prod-s01-011-eur-germanywestcentral", "migrationStage":"NotStarted", "server":"akswtt00500000v"}}
{"logTime": "0314/100733", "correlationVector":"+CJQixWcEtlOVFwbsXWBBE.2","action":"ProcessGetUpdates", "result":"Done", "context":{"dataType":"Encryption Keys", "deleted":"0", "process_failed_to_decrypt":"0", "process_pending_decryption":"0", "process_success":"1", "total":"1"}}
{"logTime": "0314/100735", "correlationVector":"j0zKq1aoJy9QBQTbcD1kha","action":"SyncServerConnectionManagerRequest", "result":"SYNC_SERVER_OK", "context":{"environment":"", "migrationStage":"", "server":""}}
{"logTime": "0314/100735", "correlationVector":"j0zKq1aoJy9QBQTbcD1kha.0","action":"EncryptionKeysFetcher.DownloadKeys:", "result":"Success", "context":Key count: 10, Last key timestamp: 2025-02-07T06:01:53Z}
{"logTime": "0314/100735", "correlationVector":"j0zKq1aoJy9QBQTbcD1kha.1","action":"EncryptionKeysManager::SetEncryptionKeys:", "result":"Success", "context":Key names[10]:[6Z1gxDWPfRh9GYPK+KxaiSvpcHu/HQ8ZCXTO+a6Y3MRxL6X/3bxDQmaoH+zH5F+2ylMtpCsQiuf+uX1n5mUoOw==][2hX6Vje8cYEVojrpLJtUddls4aDy2bWDlBDG/AzIpJBEAtlmYw2psrvXx+y7KetNkSv61u99tcxdjo81M9Jjlw==][VFrP/fl1ESWvUGCDGnKFZ2ATSAdQHq7AR677DRYMDbOIPWjBdNtIGWMRsMNOXl1l2xMj5H+J7lGZ1GD9AwUlCA==][OPFOUwAkQ0eeQSDJFPoA12nRhfM8rFo5XbiajHTH9DDfuOpVAlaMd9v3usIsEuOv0MZtQsJzCtn6tF2X+lZlDA==][iC6mfI4IOUQxbjAkhrG9uKMcC1vj3zgnl8BqIt5W3+bTXu5kddQukB4icStHoen46WOlYrASwdlkvY0KFiA3RQ==][NE66Q9S0zfRmD1/KQg+/bq/pFTJPl9INuv5b0AQlygs/COszkbc5/e2gFsWbQSTZbAdthV8FbyEZ6965tbzO0g==][9t7wEhxdpqf0kz9T1VC6tIlKpDDA9mhqWIbe/QlOGeKEY/AhZGpa8vW7L7Af2jHisYMcdQdGbb8d1KHBeSGLEQ==][DmB39VdNBw4KcunYhuczYyPwOzcXZ4XfAMu8pvCQ7ur1dKy5n+LXGGTExlAH7VnHE0hBONcHi8s+n0FMK0/iwA==][Y1ThqBm3WyfuGRxbeMY3zpZx1UE56ETyRmi1Cc2fMUQwk8ujOStv4xaZeybL7JjLrr/NH+O4BtAg6He5KdxyXQ==][xf/K0GRbrrGGovBD9hL8h0g+nFmLVXYOz9ByMSQjOmOzNQ97Z0rOYBnhl//swybQ1ZJ6qwykez7menz29cHlxQ==]}
{"logTime": "0314/100735", "correlationVector":"j0zKq1aoJy9QBQTbcD1kha.2","action":"EncryptionKeysManager::SetEncryptionKeysWithTimestamps:", "result":"Success", "context":Key timestamps[10]:[2020-12-29T04:55:10Z][2021-08-06T05:02:22Z][2022-02-08T00:52:25Z][2022-08-18T08:34:32Z][2023-02-14T22:46:45Z][2023-08-14T12:20:52Z][2024-02-11T07:33:51Z][2024-08-09T22:50:51Z][2025-02-06T07:05:57Z][2025-02-07T06:01:53Z]}
{"logTime": "0314/100735", "correlationVector":"+CJQixWcEtlOVFwbsXWBBE","action":"Initial GetUpdates", "result":"", "context":Reason: NEW_CLIENT. cV=+CJQixWcEtlOVFwbsXWBBE}
{"logTime": "0314/100735", "correlationVector":"+CJQixWcEtlOVFwbsXWBBE.3","action":"GetUpdates Response", "result":"Success", "context":Received 1 update(s). cV=+CJQixWcEtlOVFwbsXWBBE.0;server=akswtt00500000v;cloudType=Consumer;environment=Prod_germanywestcentral_prod-s01-011-eur-germanywestcentral;migrationStage=NotStarted}
{"logTime": "0314/100735", "correlationVector":"6aD4Kdv8H+sgPT0i8UVnM3","action":"Initial GetUpdates", "result":"", "context":Reason: NEWLY_SUPPORTED_DATATYPE. cV=6aD4Kdv8H+sgPT0i8UVnM3}
{"logTime": "0314/100737", "correlationVector":"6aD4Kdv8H+sgPT0i8UVnM3.1","action":"SyncServerConnectionManagerRequest", "result":"SYNC_SERVER_OK", "context":{"environment":"Prod_germanywestcentral_prod-s01-010-eur-germanywestcentral", "migrationStage":"NotStarted", "server":"akswtt00500000x"}}
{"logTime": "0314/100737", "correlationVector":"6aD4Kdv8H+sgPT0i8UVnM3.2","action":"ProcessGetUpdates", "result":"Done", "context":{"dataType":"Passwords", "deleted":"136", "process_failed_to_decrypt":"0", "process_pending_decryption":"0", "process_success":"250", "total":"250"}}
{"logTime": "0314/100737", "correlationVector":"6aD4Kdv8H+sgPT0i8UVnM3.3","action":"GetUpdates Response", "result":"Success", "context":Received 250 update(s). cV=6aD4Kdv8H+sgPT0i8UVnM3.0;server=akswtt00500000x;cloudType=Consumer;environment=Prod_germanywestcentral_prod-s01-010-eur-germanywestcentral;migrationStage=NotStarted Some updates remain.}
{"logTime": "0314/100737", "correlationVector":"TSrpY8AxfBhEwMWhROgXLR","action":"Initial GetUpdates", "result":"", "context":Reason: NEWLY_SUPPORTED_DATATYPE. cV=TSrpY8AxfBhEwMWhROgXLR}
{"logTime": "0314/100738", "correlationVector":"TSrpY8AxfBhEwMWhROgXLR.1","action":"SyncServerConnectionManagerRequest", "result":"SYNC_SERVER_OK", "context":{"environment":"Prod_germanywestcentral_prod-s01-010-eur-germanywestcentral", "migrationStage":"NotStarted", "server":"akswtt00500001m"}}
{"logTime": "0314/100738", "correlationVector":"TSrpY8AxfBhEwMWhROgXLR.2","action":"ProcessGetUpdates", "result":"Done", "context":{"dataType":"Passwords", "deleted":"0", "process_failed_to_decrypt":"0", "process_pending_decryption":"0", "process_success":"250", "total":"250"}}
{"logTime": "0314/100738", "correlationVector":"TSrpY8AxfBhEwMWhROgXLR.3","action":"GetUpdates Response", "result":"Success", "context":Received 250 update(s). cV=TSrpY8AxfBhEwMWhROgXLR.0;server=akswtt00500001m;cloudType=Consumer;environment=Prod_germanywestcentral_prod-s01-010-eur-germanywestcentral;migrationStage=NotStarted Some updates remain.}
{"logTime": "0314/100738", "correlationVector":"v9EVXGiXEr9t7mcOpT9RIx","action":"Initial GetUpdates", "result":"", "context":Reason: NEWLY_SUPPORTED_DATATYPE. cV=v9EVXGiXEr9t7mcOpT9RIx}
{"logTime": "0314/100739", "correlationVector":"v9EVXGiXEr9t7mcOpT9RIx.1","action":"SyncServerConnectionManagerRequest", "result":"SYNC_SERVER_OK", "context":{"environment":"Prod_germanywestcentral_prod-s01-010-eur-germanywestcentral", "migrationStage":"NotStarted", "server":"akswtt00500001t"}}
{"logTime": "0314/100739", "correlationVector":"v9EVXGiXEr9t7mcOpT9RIx.2","action":"ProcessGetUpdates", "result":"Done", "context":{"dataType":"Passwords", "deleted":"0", "process_failed_to_decrypt":"0", "process_pending_decryption":"0", "process_success":"250", "total":"250"}}
{"logTime": "0314/100739", "correlationVector":"v9EVXGiXEr9t7mcOpT9RIx.3","action":"GetUpdates Response", "result":"Success", "context":Received 250 update(s). cV=v9EVXGiXEr9t7mcOpT9RIx.0;server=akswtt00500001t;cloudType=Consumer;environment=Prod_germanywestcentral_prod-s01-010-eur-germanywestcentral;migrationStage=NotStarted Some updates remain.}
{"logTime": "0314/100739", "correlationVector":"JeP6iDu8zSGY1VVZ0OFZyA","action":"Initial GetUpdates", "result":"", "context":Reason: NEWLY_SUPPORTED_DATATYPE. cV=JeP6iDu8zSGY1VVZ0OFZyA}
{"logTime": "0314/100740", "correlationVector":"JeP6iDu8zSGY1VVZ0OFZyA.1","action":"SyncServerConnectionManagerRequest", "result":"SYNC_SERVER_OK", "context":{"environment":"Prod_germanywestcentral_prod-s01-010-eur-germanywestcentral", "migrationStage":"NotStarted", "server":"akswtt00500002o"}}
{"logTime": "0314/100740", "correlationVector":"JeP6iDu8zSGY1VVZ0OFZyA.2","action":"ProcessGetUpdates", "result":"Done", "context":{"dataType":"Passwords", "deleted":"2", "process_failed_to_decrypt":"0", "process_pending_decryption":"0", "process_success":"138", "total":"138"}}
{"logTime": "0314/100740", "correlationVector":"JeP6iDu8zSGY1VVZ0OFZyA.3","action":"GetUpdates Response", "result":"Success", "context":Received 138 update(s). cV=JeP6iDu8zSGY1VVZ0OFZyA.0;server=akswtt00500002o;cloudType=Consumer;environment=Prod_germanywestcentral_prod-s01-010-eur-germanywestcentral;migrationStage=NotStarted}
{"logTime": "0314/100740", "correlationVector":"ba0xqe7kGnQ9e+DIRbvdVQ","action":"Initial GetUpdates", "result":"", "context":Reason: NEWLY_SUPPORTED_DATATYPE. cV=ba0xqe7kGnQ9e+DIRbvdVQ}
{"logTime": "0314/100740", "correlationVector":"ba0xqe7kGnQ9e+DIRbvdVQ.1","action":"SyncServerConnectionManagerRequest", "result":"SYNC_SERVER_OK", "context":{"environment":"Prod_germanywestcentral_prod-s01-010-eur-germanywestcentral", "migrationStage":"NotStarted", "server":"akswtt00500000x"}}
{"logTime": "0314/100740", "correlationVector":"ba0xqe7kGnQ9e+DIRbvdVQ.2","action":"ProcessGetUpdates", "result":"Done", "context":{"dataType":"Bookmarks", "deleted":"0", "process_failed_to_decrypt":"0", "process_pending_decryption":"0", "process_success":"250", "total":"250"}}
{"logTime": "0314/100740", "correlationVector":"ba0xqe7kGnQ9e+DIRbvdVQ.3","action":"GetUpdates Response", "result":"Success", "context":Received 250 update(s). cV=ba0xqe7kGnQ9e+DIRbvdVQ.0;server=akswtt00500000x;cloudType=Consumer;environment=Prod_germanywestcentral_prod-s01-010-eur-germanywestcentral;migrationStage=NotStarted Some updates remain.}
{"logTime": "0314/100740", "correlationVector":"/HZCnmM7z6hK4qqqQ8rSOS","action":"Initial GetUpdates", "result":"", "context":Reason: NEWLY_SUPPORTED_DATATYPE. cV=/HZCnmM7z6hK4qqqQ8rSOS}
{"logTime": "0314/100741", "correlationVector":"/HZCnmM7z6hK4qqqQ8rSOS.1","action":"SyncServerConnectionManagerRequest", "result":"SYNC_SERVER_OK", "context":{"environment":"Prod_germanywestcentral_prod-s01-010-eur-germanywestcentral", "migrationStage":"NotStarted", "server":"akswtt00500001m"}}
{"logTime": "0314/100741", "correlationVector":"/HZCnmM7z6hK4qqqQ8rSOS.2","action":"ProcessGetUpdates", "result":"Done", "context":{"dataType":"Bookmarks", "deleted":"2", "process_failed_to_decrypt":"0", "process_pending_decryption":"0", "process_success":"132", "total":"132"}}
{"logTime": "0314/100741", "correlationVector":"/HZCnmM7z6hK4qqqQ8rSOS.3","action":"GetUpdates Response", "result":"Success", "context":Received 132 update(s). cV=/HZCnmM7z6hK4qqqQ8rSOS.0;server=akswtt00500001m;cloudType=Consumer;environment=Prod_germanywestcentral_prod-s01-010-eur-germanywestcentral;migrationStage=NotStarted}
{"logTime": "0314/100742", "correlationVector":"wxUp/6L5F21NchsOEa2+gq","action":"Normal GetUpdate request", "result":"", "context":cV=wxUp/6L5F21NchsOEa2+gq
Nudged types: Sessions, History
Refresh requested types: Bookmarks, Preferences, Passwords, Autofill Profiles, Autofill, Extensions, Sessions, Extension settings, History Delete Directives, Device Info, User Consents, Send Tab To Self, Web Apps, History, Collection, Edge E Drop, Edge Hub App Usage, Edge Tab Group, Edge Wallet, Encryption Keys}
{"logTime": "0314/100742", "correlationVector":"wxUp/6L5F21NchsOEa2+gq.1","action":"SyncServerConnectionManagerRequest", "result":"SYNC_SERVER_OK", "context":{"environment":"Prod_germanywestcentral_prod-s01-010-eur-germanywestcentral", "migrationStage":"NotStarted", "server":"akswtt00500000c"}}
{"logTime": "0314/100742", "correlationVector":"wxUp/6L5F21NchsOEa2+gq.2","action":"ProcessGetUpdates", "result":"Done", "context":{"dataType":"Sessions", "deleted":"0", "process_failed_to_decrypt":"0", "process_pending_decryption":"0", "process_success":"2", "total":"2"}}
{"logTime": "0314/100742", "correlationVector":"wxUp/6L5F21NchsOEa2+gq.3","action":"ProcessGetUpdates", "result":"Done", "context":{"dataType":"History", "deleted":"0", "process_failed_to_decrypt":"0", "process_pending_decryption":"0", "process_success":"2", "total":"2"}}
{"logTime": "0314/100742", "correlationVector":"wxUp/6L5F21NchsOEa2+gq.4","action":"GetUpdates Response", "result":"Success", "context":Received 4 update(s). cV=wxUp/6L5F21NchsOEa2+gq.0;server=akswtt00500000c;cloudType=Consumer;environment=Prod_germanywestcentral_prod-s01-010-eur-germanywestcentral;migrationStage=NotStarted}
{"logTime": "0314/100743", "correlationVector":"1M0fUbXekVEP0yY05MXNJW","action":"Commit Request", "result":"", "context":Item count: 6
Contributing types: Sessions, History}
{"logTime": "0314/100744", "correlationVector":"1M0fUbXekVEP0yY05MXNJW.1","action":"SyncServerConnectionManagerRequest", "result":"SYNC_SERVER_OK", "context":{"environment":"Prod_germanywestcentral_prod-s01-010-eur-germanywestcentral", "migrationStage":"NotStarted", "server":"akswtt00500002o"}}
{"logTime": "0314/100744", "correlationVector":"1M0fUbXekVEP0yY05MXNJW.3","action":"Commit.Sessions", "result":"Success", "context":{"id":"2b0f9f23-3090-47c9-ba13-243bbb93f2d5", "isDeleted":"true", "size":"0", "version":"1741946530732"}}
{"logTime": "0314/100744", "correlationVector":"1M0fUbXekVEP0yY05MXNJW.2","action":"Commit Response", "result":"Success", "context":Result: Success. cV=1M0fUbXekVEP0yY05MXNJW.0;server=akswtt00500002o;cloudType=Consumer;environment=Prod_germanywestcentral_prod-s01-010-eur-germanywestcentral;migrationStage=NotStarted}
{"logTime": "0314/100746", "correlationVector":"NvGYakzH2s+cG8QYaf4LNv","action":"Normal GetUpdate request", "result":"", "context":cV=NvGYakzH2s+cG8QYaf4LNv
Nudged types: Sessions, History
Notified types: History}
{"logTime": "0314/100747", "correlationVector":"NvGYakzH2s+cG8QYaf4LNv.1","action":"SyncServerConnectionManagerRequest", "result":"SYNC_SERVER_OK", "context":{"environment":"Prod_germanywestcentral_prod-s01-010-eur-germanywestcentral", "migrationStage":"NotStarted", "server":"akswtt00500001t"}}
{"logTime": "0314/100747", "correlationVector":"NvGYakzH2s+cG8QYaf4LNv.2","action":"ProcessGetUpdates", "result":"Done", "context":{"dataType":"Sessions", "deleted":"2", "process_failed_to_decrypt":"0", "process_pending_decryption":"0", "process_success":"6", "total":"6"}}
{"logTime": "0314/100747", "correlationVector":"NvGYakzH2s+cG8QYaf4LNv.3","action":"ProcessGetUpdates", "result":"Done", "context":{"dataType":"History", "deleted":"0", "process_failed_to_decrypt":"0", "process_pending_decryption":"0", "process_success":"4", "total":"4"}}
{"logTime": "0314/100747", "correlationVector":"NvGYakzH2s+cG8QYaf4LNv.4","action":"GetUpdates Response", "result":"Success", "context":Received 10 update(s). cV=NvGYakzH2s+cG8QYaf4LNv.0;server=akswtt00500001t;cloudType=Consumer;environment=Prod_germanywestcentral_prod-s01-010-eur-germanywestcentral;migrationStage=NotStarted}
{"logTime": "0314/100747", "correlationVector":"+6FFz98EGZ14v/Dyixc+Lq","action":"Commit Request", "result":"", "context":Item count: 2
Contributing types: Sessions, History}
{"logTime": "0314/100747", "correlationVector":"+6FFz98EGZ14v/Dyixc+Lq.1","action":"SyncServerConnectionManagerRequest", "result":"SYNC_SERVER_OK", "context":{"environment":"Prod_germanywestcentral_prod-s01-010-eur-germanywestcentral", "migrationStage":"NotStarted", "server":"akswtt00500000x"}}
{"logTime": "0314/100747", "correlationVector":"+6FFz98EGZ14v/Dyixc+Lq.2","action":"Commit Response", "result":"Success", "context":Result: Success. cV=+6FFz98EGZ14v/Dyixc+Lq.0;server=akswtt00500000x;cloudType=Consumer;environment=Prod_germanywestcentral_prod-s01-010-eur-germanywestcentral;migrationStage=NotStarted}
{"logTime": "0314/100814", "correlationVector":"Sg6i9c/uEgwPqMTuv57EtC","action":"Commit Request", "result":"", "context":Item count: 2
Contributing types: Preferences, Sessions}
{"logTime": "0314/100814", "correlationVector":"Sg6i9c/uEgwPqMTuv57EtC.1","action":"SyncServerConnectionManagerRequest", "result":"SYNC_SERVER_OK", "context":{"environment":"Prod_germanywestcentral_prod-s01-010-eur-germanywestcentral", "migrationStage":"NotStarted", "server":"akswtt00500001t"}}
{"logTime": "0314/100814", "correlationVector":"Sg6i9c/uEgwPqMTuv57EtC.2","action":"Commit Response", "result":"Success", "context":Result: Success. cV=Sg6i9c/uEgwPqMTuv57EtC.0;server=akswtt00500001t;cloudType=Consumer;environment=Prod_germanywestcentral_prod-s01-010-eur-germanywestcentral;migrationStage=NotStarted}
