2025-03-14 09:58:38.007: [INFO] VisibilityChanged: 0
2025-03-14 09:58:38.112: [INFO] RecordSyncInitDurationhas_sync_been_enabled: 0 state: 0
2025-03-14 09:58:38.113: [INFO] RecordSyncInitDurationhas_sync_been_enabled: 0 state: 0
2025-03-14 09:58:38.113: [INFO] RecordSyncInitDurationhas_sync_been_enabled: 0 state: 0
2025-03-14 09:58:38.113: [INFO] RecordSyncInitDurationhas_sync_been_enabled: 0 state: 0
2025-03-14 09:58:38.114: [INFO] RecordSyncInitDurationhas_sync_been_enabled: 0 state: 0
2025-03-14 09:58:38.114: [INFO] RecordSyncInitDurationhas_sync_been_enabled: 0 state: 0
2025-03-14 09:58:38.114: [INFO] RecordSyncInitDurationhas_sync_been_enabled: 0 state: 0
2025-03-14 09:58:38.115: [INFO] RecordSyncInitDurationhas_sync_been_enabled: 0 state: 0
2025-03-14 09:58:38.115: [INFO] RecordSyncInitDurationhas_sync_been_enabled: 0 state: 0
2025-03-14 09:58:38.116: [INFO] RecordSyncInitDurationhas_sync_been_enabled: 0 state: 0
2025-03-14 09:58:38.117: [INFO] RecordSyncInitDurationhas_sync_been_enabled: 0 state: 0
2025-03-14 09:58:38.144: [INFO] BookmarkModelLoaded, ids_reassigned: 0
2025-03-14 09:58:38.147: [INFO] OnDoneLoading sync enabled: 0
2025-03-14 09:58:38.161: [INFO] RecordSyncInitDurationhas_sync_been_enabled: 0 state: 0
2025-03-14 09:58:38.838: [INFO] RecordSyncInitDurationhas_sync_been_enabled: 0 state: 3
2025-03-14 09:58:38.843: [INFO] Primary account changed.
2025-03-14 09:58:38.843: [INFO] OnPrimaryAccountChangedPrimaryAccountChangeEvent::Type::kSet
2025-03-14 09:58:38.847: [INFO] RecordSyncInitDurationhas_sync_been_enabled: 0 state: 3
2025-03-14 09:58:39.520: [INFO] RecordSyncInitDurationhas_sync_been_enabled: 0 state: 3
2025-03-14 09:58:57.695: [INFO] BookmarkNodeAdded, ABU: 0
2025-03-14 09:58:57.695: [INFO] BookmarkNodeAdded, ABU: 0
2025-03-14 09:58:57.696: [INFO] BookmarkNodeAdded, ABU: 0
2025-03-14 09:58:57.696: [INFO] BookmarkNodeAdded, ABU: 0
2025-03-14 09:58:57.696: [INFO] BookmarkNodeAdded, ABU: 0
2025-03-14 09:58:57.696: [INFO] BookmarkNodeAdded, ABU: 0
2025-03-14 09:58:57.696: [INFO] BookmarkNodeAdded, ABU: 0
2025-03-14 09:58:57.696: [INFO] BookmarkNodeAdded, ABU: 0
2025-03-14 09:58:57.696: [INFO] BookmarkNodeAdded, ABU: 0
2025-03-14 09:58:57.696: [INFO] BookmarkNodeAdded, ABU: 0
2025-03-14 09:58:57.697: [INFO] BookmarkNodeAdded, ABU: 0
2025-03-14 09:58:57.697: [INFO] BookmarkNodeAdded, ABU: 0
2025-03-14 09:58:57.697: [INFO] BookmarkNodeAdded, ABU: 0
2025-03-14 09:58:57.697: [INFO] BookmarkNodeAdded, ABU: 0
2025-03-14 09:58:57.697: [INFO] BookmarkNodeAdded, ABU: 0
2025-03-14 09:58:57.697: [INFO] BookmarkNodeAdded, ABU: 0
2025-03-14 09:58:57.697: [INFO] BookmarkNodeAdded, ABU: 0
2025-03-14 09:58:57.698: [INFO] BookmarkNodeAdded, ABU: 0
2025-03-14 09:58:57.698: [INFO] BookmarkNodeAdded, ABU: 0
2025-03-14 09:58:57.698: [INFO] BookmarkNodeAdded, ABU: 0
2025-03-14 09:58:57.698: [INFO] BookmarkNodeAdded, ABU: 0
2025-03-14 09:58:57.698: [INFO] BookmarkNodeAdded, ABU: 0
2025-03-14 09:58:57.698: [INFO] BookmarkNodeAdded, ABU: 0
2025-03-14 09:58:57.698: [INFO] BookmarkNodeAdded, ABU: 0
2025-03-14 09:58:57.699: [INFO] BookmarkNodeAdded, ABU: 0
2025-03-14 09:58:57.699: [INFO] BookmarkNodeAdded, ABU: 0
2025-03-14 09:58:57.699: [INFO] BookmarkNodeAdded, ABU: 0
2025-03-14 09:58:57.699: [INFO] BookmarkNodeAdded, ABU: 0
2025-03-14 09:58:57.699: [INFO] BookmarkNodeAdded, ABU: 0
2025-03-14 09:58:57.699: [INFO] BookmarkNodeAdded, ABU: 0
2025-03-14 09:58:57.700: [INFO] BookmarkNodeAdded, ABU: 0
2025-03-14 09:58:57.700: [INFO] BookmarkNodeAdded, ABU: 0
2025-03-14 09:58:57.700: [INFO] BookmarkNodeAdded, ABU: 0
2025-03-14 09:58:57.700: [INFO] BookmarkNodeAdded, ABU: 0
2025-03-14 09:58:57.700: [INFO] BookmarkNodeAdded, ABU: 0
2025-03-14 09:58:57.701: [INFO] BookmarkNodeAdded, ABU: 0
2025-03-14 09:58:57.701: [INFO] BookmarkNodeAdded, ABU: 0
2025-03-14 09:58:57.701: [INFO] BookmarkNodeAdded, ABU: 0
2025-03-14 09:58:57.701: [INFO] BookmarkNodeAdded, ABU: 0
2025-03-14 09:58:57.701: [INFO] BookmarkNodeAdded, ABU: 0
2025-03-14 09:58:57.701: [INFO] BookmarkNodeAdded, ABU: 0
2025-03-14 09:58:57.702: [INFO] BookmarkNodeAdded, ABU: 0
2025-03-14 09:58:57.702: [INFO] BookmarkNodeAdded, ABU: 0
2025-03-14 09:58:57.702: [INFO] BookmarkNodeAdded, ABU: 0
2025-03-14 09:58:57.702: [INFO] BookmarkNodeAdded, ABU: 0
2025-03-14 09:58:57.702: [INFO] BookmarkNodeAdded, ABU: 0
2025-03-14 09:58:57.702: [INFO] BookmarkNodeAdded, ABU: 0
2025-03-14 09:58:57.702: [INFO] BookmarkNodeAdded, ABU: 0
2025-03-14 09:58:57.702: [INFO] BookmarkNodeAdded, ABU: 0
2025-03-14 09:58:57.702: [INFO] BookmarkNodeAdded, ABU: 0
2025-03-14 09:58:57.703: [INFO] BookmarkNodeAdded, ABU: 0
2025-03-14 09:58:57.703: [INFO] BookmarkNodeAdded, ABU: 0
2025-03-14 09:58:57.703: [INFO] BookmarkNodeAdded, ABU: 0
2025-03-14 09:58:57.703: [INFO] BookmarkNodeAdded, ABU: 0
2025-03-14 09:58:57.703: [INFO] BookmarkNodeAdded, ABU: 0
2025-03-14 09:58:57.703: [INFO] BookmarkNodeAdded, ABU: 0
2025-03-14 09:58:57.704: [INFO] BookmarkNodeAdded, ABU: 0
2025-03-14 09:58:57.704: [INFO] BookmarkNodeAdded, ABU: 0
2025-03-14 09:58:57.704: [INFO] BookmarkNodeAdded, ABU: 0
2025-03-14 09:58:57.704: [INFO] BookmarkNodeAdded, ABU: 0
2025-03-14 09:58:57.704: [INFO] BookmarkNodeAdded, ABU: 0
2025-03-14 09:58:57.704: [INFO] BookmarkNodeAdded, ABU: 0
2025-03-14 09:58:57.704: [INFO] BookmarkNodeAdded, ABU: 0
2025-03-14 09:58:57.705: [INFO] BookmarkNodeAdded, ABU: 0
2025-03-14 09:58:57.705: [INFO] BookmarkNodeAdded, ABU: 0
2025-03-14 09:58:57.705: [INFO] BookmarkNodeAdded, ABU: 0
2025-03-14 09:58:57.705: [INFO] BookmarkNodeAdded, ABU: 0
2025-03-14 09:58:57.705: [INFO] BookmarkNodeAdded, ABU: 0
2025-03-14 09:58:57.705: [INFO] BookmarkNodeAdded, ABU: 0
2025-03-14 09:58:57.706: [INFO] BookmarkNodeAdded, ABU: 0
2025-03-14 09:58:57.706: [INFO] BookmarkNodeAdded, ABU: 0
2025-03-14 09:58:57.706: [INFO] BookmarkNodeAdded, ABU: 0
2025-03-14 09:58:57.706: [INFO] BookmarkNodeAdded, ABU: 0
2025-03-14 09:58:57.706: [INFO] BookmarkNodeAdded, ABU: 0
2025-03-14 09:58:57.706: [INFO] BookmarkNodeAdded, ABU: 0
2025-03-14 09:58:57.706: [INFO] BookmarkNodeAdded, ABU: 0
2025-03-14 09:58:57.706: [INFO] BookmarkNodeAdded, ABU: 0
2025-03-14 09:58:57.707: [INFO] BookmarkNodeAdded, ABU: 0
2025-03-14 09:58:57.707: [INFO] BookmarkNodeAdded, ABU: 0
2025-03-14 09:58:57.707: [INFO] BookmarkNodeAdded, ABU: 0
2025-03-14 09:58:57.707: [INFO] BookmarkNodeAdded, ABU: 0
2025-03-14 09:58:57.707: [INFO] BookmarkNodeAdded, ABU: 0
2025-03-14 09:58:57.707: [INFO] BookmarkNodeAdded, ABU: 0
2025-03-14 09:58:57.708: [INFO] BookmarkNodeAdded, ABU: 0
2025-03-14 09:58:57.708: [INFO] BookmarkNodeAdded, ABU: 0
2025-03-14 09:58:57.708: [INFO] BookmarkNodeAdded, ABU: 0
2025-03-14 09:58:57.709: [INFO] BookmarkNodeAdded, ABU: 0
2025-03-14 09:58:57.709: [INFO] BookmarkNodeAdded, ABU: 0
2025-03-14 09:58:57.709: [INFO] BookmarkNodeAdded, ABU: 0
2025-03-14 09:58:57.709: [INFO] BookmarkNodeAdded, ABU: 0
2025-03-14 09:58:57.709: [INFO] BookmarkNodeAdded, ABU: 0
2025-03-14 09:58:57.709: [INFO] BookmarkNodeAdded, ABU: 0
2025-03-14 09:58:57.710: [INFO] BookmarkNodeAdded, ABU: 0
2025-03-14 09:58:57.710: [INFO] BookmarkNodeAdded, ABU: 0
2025-03-14 09:58:57.710: [INFO] BookmarkNodeAdded, ABU: 0
2025-03-14 09:58:57.710: [INFO] BookmarkNodeAdded, ABU: 0
2025-03-14 09:58:57.710: [INFO] BookmarkNodeAdded, ABU: 0
2025-03-14 09:58:57.710: [INFO] BookmarkNodeAdded, ABU: 0
2025-03-14 09:58:57.710: [INFO] BookmarkNodeAdded, ABU: 0
2025-03-14 09:58:57.710: [INFO] BookmarkNodeAdded, ABU: 0
2025-03-14 09:58:57.711: [INFO] BookmarkNodeAdded, ABU: 0
2025-03-14 09:58:57.711: [INFO] BookmarkNodeAdded, ABU: 0
2025-03-14 09:58:57.711: [INFO] BookmarkNodeAdded, ABU: 0
2025-03-14 09:58:57.711: [INFO] BookmarkNodeAdded, ABU: 0
2025-03-14 09:58:57.711: [INFO] BookmarkNodeAdded, ABU: 0
2025-03-14 09:58:57.711: [INFO] BookmarkNodeAdded, ABU: 0
2025-03-14 09:58:57.711: [INFO] BookmarkNodeAdded, ABU: 0
2025-03-14 09:58:57.712: [INFO] BookmarkNodeAdded, ABU: 0
2025-03-14 09:58:57.712: [INFO] BookmarkNodeAdded, ABU: 0
2025-03-14 09:58:57.712: [INFO] BookmarkNodeAdded, ABU: 0
2025-03-14 09:58:57.712: [INFO] BookmarkNodeAdded, ABU: 0
2025-03-14 09:58:57.712: [INFO] BookmarkNodeAdded, ABU: 0
2025-03-14 09:58:57.712: [INFO] BookmarkNodeAdded, ABU: 0
2025-03-14 09:58:57.712: [INFO] BookmarkNodeAdded, ABU: 0
2025-03-14 09:58:57.713: [INFO] BookmarkNodeAdded, ABU: 0
2025-03-14 09:58:57.713: [INFO] BookmarkNodeAdded, ABU: 0
2025-03-14 09:58:57.713: [INFO] BookmarkNodeAdded, ABU: 0
2025-03-14 09:58:57.713: [INFO] BookmarkNodeAdded, ABU: 0
2025-03-14 09:58:57.713: [INFO] BookmarkNodeAdded, ABU: 0
2025-03-14 09:58:57.713: [INFO] BookmarkNodeAdded, ABU: 0
2025-03-14 09:58:57.713: [INFO] BookmarkNodeAdded, ABU: 0
2025-03-14 09:58:57.713: [INFO] BookmarkNodeAdded, ABU: 0
2025-03-14 09:58:57.714: [INFO] BookmarkNodeAdded, ABU: 0
2025-03-14 09:58:57.714: [INFO] BookmarkNodeAdded, ABU: 0
2025-03-14 09:58:57.714: [INFO] BookmarkNodeAdded, ABU: 0
2025-03-14 09:58:57.714: [INFO] BookmarkNodeAdded, ABU: 0
2025-03-14 09:58:57.714: [INFO] BookmarkNodeAdded, ABU: 0
2025-03-14 09:58:57.714: [INFO] BookmarkNodeAdded, ABU: 0
2025-03-14 09:58:57.714: [INFO] BookmarkNodeAdded, ABU: 0
2025-03-14 09:58:57.715: [INFO] BookmarkNodeAdded, ABU: 0
2025-03-14 09:58:57.715: [INFO] BookmarkNodeAdded, ABU: 0
2025-03-14 09:58:57.715: [INFO] BookmarkNodeAdded, ABU: 0
2025-03-14 09:58:57.715: [INFO] BookmarkNodeAdded, ABU: 0
2025-03-14 09:58:57.715: [INFO] BookmarkNodeAdded, ABU: 0
2025-03-14 09:58:57.715: [INFO] BookmarkNodeAdded, ABU: 0
2025-03-14 09:58:57.715: [INFO] BookmarkNodeAdded, ABU: 0
2025-03-14 09:58:57.715: [INFO] BookmarkNodeAdded, ABU: 0
2025-03-14 09:58:57.716: [INFO] BookmarkNodeAdded, ABU: 0
2025-03-14 09:58:57.716: [INFO] BookmarkNodeAdded, ABU: 0
2025-03-14 09:58:57.716: [INFO] BookmarkNodeAdded, ABU: 0
2025-03-14 09:58:57.716: [INFO] BookmarkNodeAdded, ABU: 0
2025-03-14 09:58:57.716: [INFO] BookmarkNodeAdded, ABU: 0
2025-03-14 09:58:57.716: [INFO] BookmarkNodeAdded, ABU: 0
2025-03-14 09:58:57.716: [INFO] BookmarkNodeAdded, ABU: 0
2025-03-14 09:58:57.716: [INFO] BookmarkNodeAdded, ABU: 0
2025-03-14 09:58:57.716: [INFO] BookmarkNodeAdded, ABU: 0
2025-03-14 09:58:57.717: [INFO] BookmarkNodeAdded, ABU: 0
2025-03-14 09:58:57.717: [INFO] BookmarkNodeAdded, ABU: 0
2025-03-14 09:58:57.717: [INFO] BookmarkNodeAdded, ABU: 0
2025-03-14 09:58:57.717: [INFO] BookmarkNodeAdded, ABU: 0
2025-03-14 09:58:57.717: [INFO] BookmarkNodeAdded, ABU: 0
2025-03-14 09:58:57.717: [INFO] BookmarkNodeAdded, ABU: 0
2025-03-14 09:58:57.718: [INFO] BookmarkNodeAdded, ABU: 0
2025-03-14 09:58:57.718: [INFO] BookmarkNodeAdded, ABU: 0
2025-03-14 09:58:57.718: [INFO] BookmarkNodeAdded, ABU: 0
2025-03-14 09:58:57.718: [INFO] BookmarkNodeAdded, ABU: 0
2025-03-14 09:58:57.718: [INFO] BookmarkNodeAdded, ABU: 0
2025-03-14 09:58:57.718: [INFO] BookmarkNodeAdded, ABU: 0
2025-03-14 09:58:57.718: [INFO] BookmarkNodeAdded, ABU: 0
2025-03-14 09:58:57.719: [INFO] BookmarkNodeAdded, ABU: 0
2025-03-14 09:58:57.719: [INFO] BookmarkNodeAdded, ABU: 0
2025-03-14 09:58:57.719: [INFO] BookmarkNodeAdded, ABU: 0
2025-03-14 09:58:57.719: [INFO] BookmarkNodeAdded, ABU: 0
2025-03-14 09:58:57.719: [INFO] BookmarkNodeAdded, ABU: 0
2025-03-14 09:58:57.719: [INFO] BookmarkNodeAdded, ABU: 0
2025-03-14 09:58:57.720: [INFO] BookmarkNodeAdded, ABU: 0
2025-03-14 09:58:57.720: [INFO] BookmarkNodeAdded, ABU: 0
2025-03-14 09:58:57.720: [INFO] BookmarkNodeAdded, ABU: 0
2025-03-14 09:58:57.720: [INFO] BookmarkNodeAdded, ABU: 0
2025-03-14 09:58:57.721: [INFO] BookmarkNodeAdded, ABU: 0
2025-03-14 09:58:57.721: [INFO] BookmarkNodeAdded, ABU: 0
2025-03-14 09:58:57.721: [INFO] BookmarkNodeAdded, ABU: 0
2025-03-14 09:58:57.721: [INFO] BookmarkNodeAdded, ABU: 0
2025-03-14 09:58:57.721: [INFO] BookmarkNodeAdded, ABU: 0
2025-03-14 09:58:57.721: [INFO] BookmarkNodeAdded, ABU: 0
2025-03-14 09:58:57.721: [INFO] BookmarkNodeAdded, ABU: 0
2025-03-14 09:58:57.721: [INFO] BookmarkNodeAdded, ABU: 0
2025-03-14 09:58:57.722: [INFO] BookmarkNodeAdded, ABU: 0
2025-03-14 09:58:57.722: [INFO] BookmarkNodeAdded, ABU: 0
2025-03-14 09:58:57.722: [INFO] BookmarkNodeAdded, ABU: 0
2025-03-14 09:58:57.722: [INFO] BookmarkNodeAdded, ABU: 0
2025-03-14 09:58:57.722: [INFO] BookmarkNodeAdded, ABU: 0
2025-03-14 09:58:57.722: [INFO] BookmarkNodeAdded, ABU: 0
2025-03-14 09:58:57.723: [INFO] BookmarkNodeAdded, ABU: 0
2025-03-14 09:58:57.723: [INFO] BookmarkNodeAdded, ABU: 0
2025-03-14 09:58:57.723: [INFO] BookmarkNodeAdded, ABU: 0
2025-03-14 09:58:57.723: [INFO] BookmarkNodeAdded, ABU: 0
2025-03-14 09:58:57.724: [INFO] BookmarkNodeAdded, ABU: 0
2025-03-14 09:58:57.724: [INFO] BookmarkNodeAdded, ABU: 0
2025-03-14 09:58:57.724: [INFO] BookmarkNodeAdded, ABU: 0
2025-03-14 09:58:57.725: [INFO] BookmarkNodeAdded, ABU: 0
2025-03-14 09:58:57.725: [INFO] BookmarkNodeAdded, ABU: 0
2025-03-14 09:58:57.725: [INFO] BookmarkNodeAdded, ABU: 0
2025-03-14 09:58:57.725: [INFO] BookmarkNodeAdded, ABU: 0
2025-03-14 09:58:57.725: [INFO] BookmarkNodeAdded, ABU: 0
2025-03-14 09:58:57.725: [INFO] BookmarkNodeAdded, ABU: 0
2025-03-14 09:58:57.726: [INFO] BookmarkNodeAdded, ABU: 0
2025-03-14 09:58:57.726: [INFO] BookmarkNodeAdded, ABU: 0
2025-03-14 09:58:57.726: [INFO] BookmarkNodeAdded, ABU: 0
2025-03-14 09:58:57.726: [INFO] BookmarkNodeAdded, ABU: 0
2025-03-14 09:58:57.726: [INFO] BookmarkNodeAdded, ABU: 0
2025-03-14 09:58:57.727: [INFO] BookmarkNodeAdded, ABU: 0
2025-03-14 09:58:57.727: [INFO] BookmarkNodeAdded, ABU: 0
2025-03-14 09:58:57.727: [INFO] BookmarkNodeAdded, ABU: 0
2025-03-14 09:58:57.727: [INFO] BookmarkNodeAdded, ABU: 0
2025-03-14 09:58:57.728: [INFO] BookmarkNodeAdded, ABU: 0
2025-03-14 09:58:57.728: [INFO] BookmarkNodeAdded, ABU: 0
2025-03-14 09:58:57.728: [INFO] BookmarkNodeAdded, ABU: 0
2025-03-14 09:58:57.728: [INFO] BookmarkNodeAdded, ABU: 0
2025-03-14 09:58:57.728: [INFO] BookmarkNodeAdded, ABU: 0
2025-03-14 09:58:57.728: [INFO] BookmarkNodeAdded, ABU: 0
2025-03-14 09:58:57.729: [INFO] BookmarkNodeAdded, ABU: 0
2025-03-14 09:58:57.729: [INFO] BookmarkNodeAdded, ABU: 0
2025-03-14 09:58:57.729: [INFO] BookmarkNodeAdded, ABU: 0
2025-03-14 09:58:57.729: [INFO] BookmarkNodeAdded, ABU: 0
2025-03-14 09:58:57.729: [INFO] BookmarkNodeAdded, ABU: 0
2025-03-14 09:58:57.729: [INFO] BookmarkNodeAdded, ABU: 0
2025-03-14 09:58:57.730: [INFO] BookmarkNodeAdded, ABU: 0
2025-03-14 09:58:57.730: [INFO] BookmarkNodeAdded, ABU: 0
2025-03-14 09:58:57.730: [INFO] BookmarkNodeAdded, ABU: 0
2025-03-14 09:58:57.730: [INFO] BookmarkNodeAdded, ABU: 0
2025-03-14 09:58:57.730: [INFO] BookmarkNodeAdded, ABU: 0
2025-03-14 09:58:57.730: [INFO] BookmarkNodeAdded, ABU: 0
2025-03-14 09:58:57.731: [INFO] BookmarkNodeAdded, ABU: 0
2025-03-14 09:58:57.731: [INFO] BookmarkNodeAdded, ABU: 0
2025-03-14 09:58:57.731: [INFO] BookmarkNodeAdded, ABU: 0
2025-03-14 09:58:57.731: [INFO] BookmarkNodeAdded, ABU: 0
2025-03-14 09:58:57.731: [INFO] BookmarkNodeAdded, ABU: 0
2025-03-14 09:58:57.731: [INFO] BookmarkNodeAdded, ABU: 0
2025-03-14 09:58:57.732: [INFO] BookmarkNodeAdded, ABU: 0
2025-03-14 09:58:57.732: [INFO] BookmarkNodeAdded, ABU: 0
2025-03-14 09:58:57.732: [INFO] BookmarkNodeAdded, ABU: 0
2025-03-14 09:58:57.732: [INFO] BookmarkNodeAdded, ABU: 0
2025-03-14 09:58:57.732: [INFO] BookmarkNodeAdded, ABU: 0
2025-03-14 09:58:57.732: [INFO] BookmarkNodeAdded, ABU: 0
2025-03-14 09:58:57.732: [INFO] BookmarkNodeAdded, ABU: 0
2025-03-14 09:58:57.733: [INFO] BookmarkNodeAdded, ABU: 0
2025-03-14 09:58:57.733: [INFO] BookmarkNodeAdded, ABU: 0
2025-03-14 09:58:57.733: [INFO] BookmarkNodeAdded, ABU: 0
2025-03-14 09:58:57.733: [INFO] BookmarkNodeAdded, ABU: 0
2025-03-14 09:58:57.733: [INFO] BookmarkNodeAdded, ABU: 0
2025-03-14 09:58:57.734: [INFO] BookmarkNodeAdded, ABU: 0
2025-03-14 09:58:57.734: [INFO] BookmarkNodeAdded, ABU: 0
2025-03-14 09:58:57.734: [INFO] BookmarkNodeAdded, ABU: 0
2025-03-14 09:58:57.734: [INFO] BookmarkNodeAdded, ABU: 0
2025-03-14 09:58:57.734: [INFO] BookmarkNodeAdded, ABU: 0
2025-03-14 09:58:57.734: [INFO] BookmarkNodeAdded, ABU: 0
2025-03-14 09:58:57.734: [INFO] BookmarkNodeAdded, ABU: 0
2025-03-14 09:58:57.734: [INFO] BookmarkNodeAdded, ABU: 0
2025-03-14 09:58:57.735: [INFO] BookmarkNodeAdded, ABU: 0
2025-03-14 09:58:57.735: [INFO] BookmarkNodeAdded, ABU: 0
2025-03-14 09:58:57.735: [INFO] BookmarkNodeAdded, ABU: 0
2025-03-14 09:58:57.735: [INFO] BookmarkNodeAdded, ABU: 0
2025-03-14 09:58:57.735: [INFO] BookmarkNodeAdded, ABU: 0
2025-03-14 09:58:57.736: [INFO] BookmarkNodeAdded, ABU: 0
2025-03-14 09:58:57.736: [INFO] BookmarkNodeAdded, ABU: 0
2025-03-14 09:58:57.736: [INFO] BookmarkNodeAdded, ABU: 0
2025-03-14 09:58:57.736: [INFO] BookmarkNodeAdded, ABU: 0
2025-03-14 09:58:57.736: [INFO] BookmarkNodeAdded, ABU: 0
2025-03-14 09:58:57.736: [INFO] BookmarkNodeAdded, ABU: 0
2025-03-14 09:58:57.737: [INFO] BookmarkNodeAdded, ABU: 0
2025-03-14 09:58:57.737: [INFO] BookmarkNodeAdded, ABU: 0
2025-03-14 09:58:57.737: [INFO] BookmarkNodeAdded, ABU: 0
2025-03-14 09:58:57.737: [INFO] BookmarkNodeAdded, ABU: 0
2025-03-14 09:58:57.737: [INFO] BookmarkNodeAdded, ABU: 0
2025-03-14 09:58:57.737: [INFO] BookmarkNodeAdded, ABU: 0
2025-03-14 09:58:57.737: [INFO] BookmarkNodeAdded, ABU: 0
2025-03-14 09:58:57.738: [INFO] BookmarkNodeAdded, ABU: 0
2025-03-14 09:58:57.738: [INFO] BookmarkNodeAdded, ABU: 0
2025-03-14 09:58:57.738: [INFO] BookmarkNodeAdded, ABU: 0
2025-03-14 09:58:57.738: [INFO] BookmarkNodeAdded, ABU: 0
2025-03-14 09:58:57.738: [INFO] BookmarkNodeAdded, ABU: 0
2025-03-14 09:58:57.738: [INFO] BookmarkNodeAdded, ABU: 0
2025-03-14 09:58:57.738: [INFO] BookmarkNodeAdded, ABU: 0
2025-03-14 09:58:57.739: [INFO] BookmarkNodeAdded, ABU: 0
2025-03-14 09:58:57.739: [INFO] BookmarkNodeAdded, ABU: 0
2025-03-14 09:58:57.739: [INFO] BookmarkNodeAdded, ABU: 0
2025-03-14 09:58:57.739: [INFO] BookmarkNodeAdded, ABU: 0
2025-03-14 09:58:57.739: [INFO] BookmarkNodeAdded, ABU: 0
2025-03-14 09:58:57.739: [INFO] BookmarkNodeAdded, ABU: 0
2025-03-14 09:58:57.740: [INFO] BookmarkNodeAdded, ABU: 0
2025-03-14 09:58:57.740: [INFO] BookmarkNodeAdded, ABU: 0
2025-03-14 09:58:57.740: [INFO] BookmarkNodeAdded, ABU: 0
2025-03-14 09:58:57.740: [INFO] BookmarkNodeAdded, ABU: 0
2025-03-14 09:58:57.740: [INFO] BookmarkNodeAdded, ABU: 0
2025-03-14 09:58:57.740: [INFO] BookmarkNodeAdded, ABU: 0
2025-03-14 09:58:57.740: [INFO] BookmarkNodeAdded, ABU: 0
2025-03-14 09:58:57.740: [INFO] BookmarkNodeAdded, ABU: 0
2025-03-14 09:58:57.741: [INFO] BookmarkNodeAdded, ABU: 0
2025-03-14 09:58:57.741: [INFO] BookmarkNodeAdded, ABU: 0
2025-03-14 09:58:57.741: [INFO] BookmarkNodeAdded, ABU: 0
2025-03-14 09:58:57.741: [INFO] BookmarkNodeAdded, ABU: 0
2025-03-14 09:58:57.741: [INFO] BookmarkNodeAdded, ABU: 0
2025-03-14 09:58:57.741: [INFO] BookmarkNodeAdded, ABU: 0
2025-03-14 09:58:57.742: [INFO] BookmarkNodeAdded, ABU: 0
2025-03-14 09:58:57.742: [INFO] BookmarkNodeAdded, ABU: 0
2025-03-14 09:58:57.742: [INFO] BookmarkNodeAdded, ABU: 0
2025-03-14 09:58:57.742: [INFO] BookmarkNodeAdded, ABU: 0
2025-03-14 09:58:57.742: [INFO] BookmarkNodeAdded, ABU: 0
2025-03-14 09:58:57.742: [INFO] BookmarkNodeAdded, ABU: 0
2025-03-14 09:58:57.742: [INFO] BookmarkNodeAdded, ABU: 0
2025-03-14 09:58:57.742: [INFO] BookmarkNodeAdded, ABU: 0
2025-03-14 09:58:57.743: [INFO] BookmarkNodeAdded, ABU: 0
2025-03-14 09:58:57.743: [INFO] BookmarkNodeAdded, ABU: 0
2025-03-14 09:58:57.743: [INFO] BookmarkNodeAdded, ABU: 0
2025-03-14 09:58:57.743: [INFO] BookmarkNodeAdded, ABU: 0
2025-03-14 09:58:57.743: [INFO] BookmarkNodeAdded, ABU: 0
2025-03-14 09:58:57.743: [INFO] BookmarkNodeAdded, ABU: 0
2025-03-14 09:58:57.743: [INFO] BookmarkNodeAdded, ABU: 0
2025-03-14 09:58:57.744: [INFO] BookmarkNodeAdded, ABU: 0
2025-03-14 09:58:57.744: [INFO] BookmarkNodeAdded, ABU: 0
2025-03-14 09:58:57.744: [INFO] BookmarkNodeAdded, ABU: 0
2025-03-14 09:58:57.744: [INFO] BookmarkNodeAdded, ABU: 0
2025-03-14 09:58:57.744: [INFO] BookmarkNodeAdded, ABU: 0
2025-03-14 09:58:57.744: [INFO] BookmarkNodeAdded, ABU: 0
2025-03-14 09:58:57.744: [INFO] BookmarkNodeAdded, ABU: 0
2025-03-14 09:58:57.745: [INFO] BookmarkNodeAdded, ABU: 0
2025-03-14 09:58:57.745: [INFO] BookmarkNodeAdded, ABU: 0
2025-03-14 09:58:57.745: [INFO] BookmarkNodeAdded, ABU: 0
2025-03-14 09:58:57.745: [INFO] BookmarkNodeAdded, ABU: 0
2025-03-14 09:58:57.745: [INFO] BookmarkNodeAdded, ABU: 0
2025-03-14 09:58:57.745: [INFO] BookmarkNodeAdded, ABU: 0
2025-03-14 09:58:57.745: [INFO] BookmarkNodeAdded, ABU: 0
2025-03-14 09:58:57.746: [INFO] BookmarkNodeAdded, ABU: 0
2025-03-14 09:58:57.746: [INFO] BookmarkNodeAdded, ABU: 0
2025-03-14 09:58:57.746: [INFO] BookmarkNodeAdded, ABU: 0
2025-03-14 09:58:57.746: [INFO] BookmarkNodeAdded, ABU: 0
2025-03-14 09:58:57.746: [INFO] BookmarkNodeAdded, ABU: 0
2025-03-14 09:58:57.746: [INFO] BookmarkNodeAdded, ABU: 0
2025-03-14 09:58:57.746: [INFO] BookmarkNodeAdded, ABU: 0
2025-03-14 09:58:57.747: [INFO] BookmarkNodeAdded, ABU: 0
2025-03-14 09:58:57.747: [INFO] BookmarkNodeAdded, ABU: 0
2025-03-14 09:58:57.747: [INFO] BookmarkNodeAdded, ABU: 0
2025-03-14 09:58:57.747: [INFO] BookmarkNodeAdded, ABU: 0
2025-03-14 09:58:57.747: [INFO] BookmarkNodeAdded, ABU: 0
2025-03-14 09:58:57.747: [INFO] BookmarkNodeAdded, ABU: 0
2025-03-14 09:58:57.748: [INFO] BookmarkNodeAdded, ABU: 0
2025-03-14 09:58:57.748: [INFO] BookmarkNodeAdded, ABU: 0
2025-03-14 09:58:57.748: [INFO] BookmarkNodeAdded, ABU: 0
2025-03-14 09:58:57.748: [INFO] BookmarkNodeAdded, ABU: 0
2025-03-14 09:58:57.748: [INFO] BookmarkNodeAdded, ABU: 0
2025-03-14 09:58:57.749: [INFO] BookmarkNodeAdded, ABU: 0
2025-03-14 09:58:57.749: [INFO] BookmarkNodeAdded, ABU: 0
2025-03-14 09:58:57.749: [INFO] BookmarkNodeAdded, ABU: 0
2025-03-14 09:58:57.749: [INFO] BookmarkNodeAdded, ABU: 0
2025-03-14 09:58:57.749: [INFO] BookmarkNodeAdded, ABU: 0
2025-03-14 09:58:57.749: [INFO] BookmarkNodeAdded, ABU: 0
2025-03-14 09:58:57.750: [INFO] BookmarkNodeAdded, ABU: 0
2025-03-14 09:58:57.750: [INFO] BookmarkNodeAdded, ABU: 0
2025-03-14 09:58:57.751: [INFO] BookmarkNodeAdded, ABU: 0
2025-03-14 09:58:57.751: [INFO] BookmarkNodeAdded, ABU: 0
2025-03-14 09:58:57.751: [INFO] BookmarkNodeAdded, ABU: 0
2025-03-14 09:58:57.751: [INFO] BookmarkNodeAdded, ABU: 0
2025-03-14 09:58:57.752: [INFO] BookmarkNodeAdded, ABU: 0
2025-03-14 09:58:57.752: [INFO] BookmarkNodeAdded, ABU: 0
2025-03-14 09:58:57.752: [INFO] BookmarkNodeAdded, ABU: 0
2025-03-14 09:58:57.752: [INFO] BookmarkNodeAdded, ABU: 0
2025-03-14 09:58:57.752: [INFO] BookmarkNodeAdded, ABU: 0
2025-03-14 09:58:57.753: [INFO] BookmarkNodeAdded, ABU: 0
2025-03-14 09:58:57.753: [INFO] BookmarkNodeAdded, ABU: 0
2025-03-14 09:58:57.753: [INFO] BookmarkNodeAdded, ABU: 0
2025-03-14 09:58:57.753: [INFO] BookmarkNodeAdded, ABU: 0
2025-03-14 09:58:57.753: [INFO] BookmarkNodeAdded, ABU: 0
2025-03-14 09:58:57.753: [INFO] BookmarkNodeAdded, ABU: 0
2025-03-14 09:58:57.754: [INFO] BookmarkNodeAdded, ABU: 0
2025-03-14 09:58:57.754: [INFO] BookmarkNodeAdded, ABU: 0
2025-03-14 09:58:57.754: [INFO] BookmarkNodeAdded, ABU: 0
2025-03-14 09:58:57.755: [INFO] BookmarkNodeAdded, ABU: 0
2025-03-14 09:58:57.755: [INFO] BookmarkNodeAdded, ABU: 0
2025-03-14 09:58:57.755: [INFO] BookmarkNodeAdded, ABU: 0
2025-03-14 09:58:57.755: [INFO] BookmarkNodeAdded, ABU: 0
2025-03-14 09:58:57.756: [INFO] BookmarkNodeAdded, ABU: 0
2025-03-14 09:58:57.756: [INFO] BookmarkNodeAdded, ABU: 0
2025-03-14 09:58:57.756: [INFO] BookmarkNodeAdded, ABU: 0
2025-03-14 09:58:57.756: [INFO] BookmarkNodeAdded, ABU: 0
2025-03-14 09:59:27.575: [INFO] Sync initialization duration: 47407ms
2025-03-14 10:07:30.954: [INFO] VisibilityChanged: 0
2025-03-14 10:07:31.093: [INFO] BookmarkModelLoaded, ids_reassigned: 0
2025-03-14 10:07:31.094: [INFO] OnDoneLoading sync enabled: 1
2025-03-14 10:07:41.977: [INFO] BookmarkNodeAdded, ABU: 0
2025-03-14 10:07:41.978: [INFO] BookmarkNodeAdded, ABU: 0
2025-03-14 10:07:41.978: [INFO] BookmarkNodeAdded, ABU: 0
2025-03-14 10:07:41.978: [INFO] BookmarkNodeAdded, ABU: 0
2025-03-14 10:07:41.978: [INFO] BookmarkNodeAdded, ABU: 0
2025-03-14 10:07:41.978: [INFO] BookmarkNodeAdded, ABU: 0
2025-03-14 10:07:41.978: [INFO] BookmarkNodeAdded, ABU: 0
2025-03-14 10:07:41.978: [INFO] BookmarkNodeAdded, ABU: 0
2025-03-14 10:07:41.979: [INFO] BookmarkNodeAdded, ABU: 0
2025-03-14 10:07:41.979: [INFO] BookmarkNodeAdded, ABU: 0
2025-03-14 10:07:41.979: [INFO] BookmarkNodeAdded, ABU: 0
2025-03-14 10:07:41.979: [INFO] BookmarkNodeAdded, ABU: 0
2025-03-14 10:07:41.979: [INFO] BookmarkNodeAdded, ABU: 0
2025-03-14 10:07:41.979: [INFO] BookmarkNodeAdded, ABU: 0
2025-03-14 10:07:41.979: [INFO] BookmarkNodeAdded, ABU: 0
2025-03-14 10:07:41.979: [INFO] BookmarkNodeAdded, ABU: 0
2025-03-14 10:07:41.980: [INFO] BookmarkNodeAdded, ABU: 0
2025-03-14 10:07:41.980: [INFO] BookmarkNodeAdded, ABU: 0
2025-03-14 10:07:41.980: [INFO] BookmarkNodeAdded, ABU: 0
2025-03-14 10:07:41.980: [INFO] BookmarkNodeAdded, ABU: 0
2025-03-14 10:07:41.980: [INFO] BookmarkNodeAdded, ABU: 0
2025-03-14 10:07:41.980: [INFO] BookmarkNodeAdded, ABU: 0
2025-03-14 10:07:41.980: [INFO] BookmarkNodeAdded, ABU: 0
2025-03-14 10:07:41.981: [INFO] BookmarkNodeAdded, ABU: 0
2025-03-14 10:07:41.981: [INFO] BookmarkNodeAdded, ABU: 0
2025-03-14 10:07:41.981: [INFO] BookmarkNodeAdded, ABU: 0
2025-03-14 10:07:41.981: [INFO] BookmarkNodeAdded, ABU: 0
2025-03-14 10:07:41.981: [INFO] BookmarkNodeAdded, ABU: 0
2025-03-14 10:07:41.981: [INFO] BookmarkNodeAdded, ABU: 0
2025-03-14 10:07:41.982: [INFO] BookmarkNodeAdded, ABU: 0
2025-03-14 10:07:41.982: [INFO] BookmarkNodeAdded, ABU: 0
2025-03-14 10:07:41.982: [INFO] BookmarkNodeAdded, ABU: 0
2025-03-14 10:07:41.982: [INFO] BookmarkNodeAdded, ABU: 0
2025-03-14 10:07:41.982: [INFO] BookmarkNodeAdded, ABU: 0
2025-03-14 10:07:41.983: [INFO] BookmarkNodeAdded, ABU: 0
2025-03-14 10:07:41.983: [INFO] BookmarkNodeAdded, ABU: 0
2025-03-14 10:07:41.983: [INFO] BookmarkNodeAdded, ABU: 0
2025-03-14 10:07:41.983: [INFO] BookmarkNodeAdded, ABU: 0
2025-03-14 10:07:41.983: [INFO] BookmarkNodeAdded, ABU: 0
2025-03-14 10:07:41.983: [INFO] BookmarkNodeAdded, ABU: 0
2025-03-14 10:07:41.984: [INFO] BookmarkNodeAdded, ABU: 0
2025-03-14 10:07:41.984: [INFO] BookmarkNodeAdded, ABU: 0
2025-03-14 10:07:41.984: [INFO] BookmarkNodeAdded, ABU: 0
2025-03-14 10:07:41.984: [INFO] BookmarkNodeAdded, ABU: 0
2025-03-14 10:07:41.984: [INFO] BookmarkNodeAdded, ABU: 0
2025-03-14 10:07:41.984: [INFO] BookmarkNodeAdded, ABU: 0
2025-03-14 10:07:41.984: [INFO] BookmarkNodeAdded, ABU: 0
2025-03-14 10:07:41.984: [INFO] BookmarkNodeAdded, ABU: 0
2025-03-14 10:07:41.985: [INFO] BookmarkNodeAdded, ABU: 0
2025-03-14 10:07:41.985: [INFO] BookmarkNodeAdded, ABU: 0
2025-03-14 10:07:41.985: [INFO] BookmarkNodeAdded, ABU: 0
2025-03-14 10:07:41.985: [INFO] BookmarkNodeAdded, ABU: 0
2025-03-14 10:07:41.985: [INFO] BookmarkNodeAdded, ABU: 0
2025-03-14 10:07:41.985: [INFO] BookmarkNodeAdded, ABU: 0
2025-03-14 10:07:41.985: [INFO] BookmarkNodeAdded, ABU: 0
2025-03-14 10:07:41.986: [INFO] BookmarkNodeAdded, ABU: 0
2025-03-14 10:07:41.986: [INFO] BookmarkNodeAdded, ABU: 0
2025-03-14 10:07:41.986: [INFO] BookmarkNodeAdded, ABU: 0
2025-03-14 10:07:41.986: [INFO] BookmarkNodeAdded, ABU: 0
2025-03-14 10:07:41.986: [INFO] BookmarkNodeAdded, ABU: 0
2025-03-14 10:07:41.986: [INFO] BookmarkNodeAdded, ABU: 0
2025-03-14 10:07:41.986: [INFO] BookmarkNodeAdded, ABU: 0
2025-03-14 10:07:41.987: [INFO] BookmarkNodeAdded, ABU: 0
2025-03-14 10:07:41.987: [INFO] BookmarkNodeAdded, ABU: 0
2025-03-14 10:07:41.987: [INFO] BookmarkNodeAdded, ABU: 0
2025-03-14 10:07:41.987: [INFO] BookmarkNodeAdded, ABU: 0
2025-03-14 10:07:41.987: [INFO] BookmarkNodeAdded, ABU: 0
2025-03-14 10:07:41.987: [INFO] BookmarkNodeAdded, ABU: 0
2025-03-14 10:07:41.987: [INFO] BookmarkNodeAdded, ABU: 0
2025-03-14 10:07:41.987: [INFO] BookmarkNodeAdded, ABU: 0
2025-03-14 10:07:41.987: [INFO] BookmarkNodeAdded, ABU: 0
2025-03-14 10:07:41.987: [INFO] BookmarkNodeAdded, ABU: 0
2025-03-14 10:07:41.987: [INFO] BookmarkNodeAdded, ABU: 0
2025-03-14 10:07:41.987: [INFO] BookmarkNodeAdded, ABU: 0
2025-03-14 10:07:41.987: [INFO] BookmarkNodeAdded, ABU: 0
2025-03-14 10:07:41.988: [INFO] BookmarkNodeAdded, ABU: 0
2025-03-14 10:07:41.988: [INFO] BookmarkNodeAdded, ABU: 0
2025-03-14 10:07:41.988: [INFO] BookmarkNodeAdded, ABU: 0
2025-03-14 10:07:41.988: [INFO] BookmarkNodeAdded, ABU: 0
2025-03-14 10:07:41.988: [INFO] BookmarkNodeAdded, ABU: 0
2025-03-14 10:07:41.988: [INFO] BookmarkNodeAdded, ABU: 0
2025-03-14 10:07:41.988: [INFO] BookmarkNodeAdded, ABU: 0
2025-03-14 10:07:41.988: [INFO] BookmarkNodeAdded, ABU: 0
2025-03-14 10:07:41.988: [INFO] BookmarkNodeAdded, ABU: 0
2025-03-14 10:07:41.988: [INFO] BookmarkNodeAdded, ABU: 0
2025-03-14 10:07:41.989: [INFO] BookmarkNodeAdded, ABU: 0
2025-03-14 10:07:41.989: [INFO] BookmarkNodeAdded, ABU: 0
2025-03-14 10:07:41.989: [INFO] BookmarkNodeAdded, ABU: 0
2025-03-14 10:07:41.989: [INFO] BookmarkNodeAdded, ABU: 0
2025-03-14 10:07:41.989: [INFO] BookmarkNodeAdded, ABU: 0
2025-03-14 10:07:41.989: [INFO] BookmarkNodeAdded, ABU: 0
2025-03-14 10:07:41.989: [INFO] BookmarkNodeAdded, ABU: 0
2025-03-14 10:07:41.989: [INFO] BookmarkNodeAdded, ABU: 0
2025-03-14 10:07:41.989: [INFO] BookmarkNodeAdded, ABU: 0
2025-03-14 10:07:41.989: [INFO] BookmarkNodeAdded, ABU: 0
2025-03-14 10:07:41.989: [INFO] BookmarkNodeAdded, ABU: 0
2025-03-14 10:07:41.989: [INFO] BookmarkNodeAdded, ABU: 0
2025-03-14 10:07:41.990: [INFO] BookmarkNodeAdded, ABU: 0
2025-03-14 10:07:41.990: [INFO] BookmarkNodeAdded, ABU: 0
2025-03-14 10:07:41.990: [INFO] BookmarkNodeAdded, ABU: 0
2025-03-14 10:07:41.990: [INFO] BookmarkNodeAdded, ABU: 0
2025-03-14 10:07:41.990: [INFO] BookmarkNodeAdded, ABU: 0
2025-03-14 10:07:41.990: [INFO] BookmarkNodeAdded, ABU: 0
2025-03-14 10:07:41.990: [INFO] BookmarkNodeAdded, ABU: 0
2025-03-14 10:07:41.990: [INFO] BookmarkNodeAdded, ABU: 0
2025-03-14 10:07:41.990: [INFO] BookmarkNodeAdded, ABU: 0
2025-03-14 10:07:41.990: [INFO] BookmarkNodeAdded, ABU: 0
2025-03-14 10:07:41.990: [INFO] BookmarkNodeAdded, ABU: 0
2025-03-14 10:07:41.990: [INFO] BookmarkNodeAdded, ABU: 0
2025-03-14 10:07:41.991: [INFO] BookmarkNodeAdded, ABU: 0
2025-03-14 10:07:41.991: [INFO] BookmarkNodeAdded, ABU: 0
2025-03-14 10:07:41.991: [INFO] BookmarkNodeAdded, ABU: 0
2025-03-14 10:07:41.991: [INFO] BookmarkNodeAdded, ABU: 0
2025-03-14 10:07:41.991: [INFO] BookmarkNodeAdded, ABU: 0
2025-03-14 10:07:41.991: [INFO] BookmarkNodeAdded, ABU: 0
2025-03-14 10:07:41.991: [INFO] BookmarkNodeAdded, ABU: 0
2025-03-14 10:07:41.991: [INFO] BookmarkNodeAdded, ABU: 0
2025-03-14 10:07:41.991: [INFO] BookmarkNodeAdded, ABU: 0
2025-03-14 10:07:41.991: [INFO] BookmarkNodeAdded, ABU: 0
2025-03-14 10:07:41.991: [INFO] BookmarkNodeAdded, ABU: 0
2025-03-14 10:07:41.991: [INFO] BookmarkNodeAdded, ABU: 0
2025-03-14 10:07:41.991: [INFO] BookmarkNodeAdded, ABU: 0
2025-03-14 10:07:41.991: [INFO] BookmarkNodeAdded, ABU: 0
2025-03-14 10:07:41.991: [INFO] BookmarkNodeAdded, ABU: 0
2025-03-14 10:07:41.992: [INFO] BookmarkNodeAdded, ABU: 0
2025-03-14 10:07:41.992: [INFO] BookmarkNodeAdded, ABU: 0
2025-03-14 10:07:41.992: [INFO] BookmarkNodeAdded, ABU: 0
2025-03-14 10:07:41.992: [INFO] BookmarkNodeAdded, ABU: 0
2025-03-14 10:07:41.992: [INFO] BookmarkNodeAdded, ABU: 0
2025-03-14 10:07:41.992: [INFO] BookmarkNodeAdded, ABU: 0
2025-03-14 10:07:41.992: [INFO] BookmarkNodeAdded, ABU: 0
2025-03-14 10:07:41.992: [INFO] BookmarkNodeAdded, ABU: 0
2025-03-14 10:07:41.992: [INFO] BookmarkNodeAdded, ABU: 0
2025-03-14 10:07:41.992: [INFO] BookmarkNodeAdded, ABU: 0
2025-03-14 10:07:41.992: [INFO] BookmarkNodeAdded, ABU: 0
2025-03-14 10:07:41.992: [INFO] BookmarkNodeAdded, ABU: 0
2025-03-14 10:07:41.992: [INFO] BookmarkNodeAdded, ABU: 0
2025-03-14 10:07:41.992: [INFO] BookmarkNodeAdded, ABU: 0
2025-03-14 10:07:41.992: [INFO] BookmarkNodeAdded, ABU: 0
2025-03-14 10:07:41.993: [INFO] BookmarkNodeAdded, ABU: 0
2025-03-14 10:07:41.993: [INFO] BookmarkNodeAdded, ABU: 0
2025-03-14 10:07:41.993: [INFO] BookmarkNodeAdded, ABU: 0
2025-03-14 10:07:41.993: [INFO] BookmarkNodeAdded, ABU: 0
2025-03-14 10:07:41.993: [INFO] BookmarkNodeAdded, ABU: 0
2025-03-14 10:07:41.993: [INFO] BookmarkNodeAdded, ABU: 0
2025-03-14 10:07:41.993: [INFO] BookmarkNodeAdded, ABU: 0
2025-03-14 10:07:41.993: [INFO] BookmarkNodeAdded, ABU: 0
2025-03-14 10:07:41.993: [INFO] BookmarkNodeAdded, ABU: 0
2025-03-14 10:07:41.993: [INFO] BookmarkNodeAdded, ABU: 0
2025-03-14 10:07:41.994: [INFO] BookmarkNodeAdded, ABU: 0
2025-03-14 10:07:41.994: [INFO] BookmarkNodeAdded, ABU: 0
2025-03-14 10:07:41.994: [INFO] BookmarkNodeAdded, ABU: 0
2025-03-14 10:07:41.994: [INFO] BookmarkNodeAdded, ABU: 0
2025-03-14 10:07:41.994: [INFO] BookmarkNodeAdded, ABU: 0
2025-03-14 10:07:41.994: [INFO] BookmarkNodeAdded, ABU: 0
2025-03-14 10:07:41.994: [INFO] BookmarkNodeAdded, ABU: 0
2025-03-14 10:07:41.994: [INFO] BookmarkNodeAdded, ABU: 0
2025-03-14 10:07:41.995: [INFO] BookmarkNodeAdded, ABU: 0
2025-03-14 10:07:41.995: [INFO] BookmarkNodeAdded, ABU: 0
2025-03-14 10:07:41.995: [INFO] BookmarkNodeAdded, ABU: 0
2025-03-14 10:07:41.995: [INFO] BookmarkNodeAdded, ABU: 0
2025-03-14 10:07:41.995: [INFO] BookmarkNodeAdded, ABU: 0
2025-03-14 10:07:41.995: [INFO] BookmarkNodeAdded, ABU: 0
2025-03-14 10:07:41.995: [INFO] BookmarkNodeAdded, ABU: 0
2025-03-14 10:07:41.995: [INFO] BookmarkNodeAdded, ABU: 0
2025-03-14 10:07:41.996: [INFO] BookmarkNodeAdded, ABU: 0
2025-03-14 10:07:41.996: [INFO] BookmarkNodeAdded, ABU: 0
2025-03-14 10:07:41.996: [INFO] BookmarkNodeAdded, ABU: 0
2025-03-14 10:07:41.996: [INFO] BookmarkNodeAdded, ABU: 0
2025-03-14 10:07:41.996: [INFO] BookmarkNodeAdded, ABU: 0
2025-03-14 10:07:41.996: [INFO] BookmarkNodeAdded, ABU: 0
2025-03-14 10:07:41.996: [INFO] BookmarkNodeAdded, ABU: 0
2025-03-14 10:07:41.996: [INFO] BookmarkNodeAdded, ABU: 0
2025-03-14 10:07:41.997: [INFO] BookmarkNodeAdded, ABU: 0
2025-03-14 10:07:41.997: [INFO] BookmarkNodeAdded, ABU: 0
2025-03-14 10:07:41.997: [INFO] BookmarkNodeAdded, ABU: 0
2025-03-14 10:07:41.997: [INFO] BookmarkNodeAdded, ABU: 0
2025-03-14 10:07:41.997: [INFO] BookmarkNodeAdded, ABU: 0
2025-03-14 10:07:41.997: [INFO] BookmarkNodeAdded, ABU: 0
2025-03-14 10:07:41.997: [INFO] BookmarkNodeAdded, ABU: 0
2025-03-14 10:07:41.997: [INFO] BookmarkNodeAdded, ABU: 0
2025-03-14 10:07:41.997: [INFO] BookmarkNodeAdded, ABU: 0
2025-03-14 10:07:41.997: [INFO] BookmarkNodeAdded, ABU: 0
2025-03-14 10:07:41.997: [INFO] BookmarkNodeAdded, ABU: 0
2025-03-14 10:07:41.997: [INFO] BookmarkNodeAdded, ABU: 0
2025-03-14 10:07:41.997: [INFO] BookmarkNodeAdded, ABU: 0
2025-03-14 10:07:41.998: [INFO] BookmarkNodeAdded, ABU: 0
2025-03-14 10:07:41.998: [INFO] BookmarkNodeAdded, ABU: 0
2025-03-14 10:07:41.998: [INFO] BookmarkNodeAdded, ABU: 0
2025-03-14 10:07:41.998: [INFO] BookmarkNodeAdded, ABU: 0
2025-03-14 10:07:41.998: [INFO] BookmarkNodeAdded, ABU: 0
2025-03-14 10:07:41.998: [INFO] BookmarkNodeAdded, ABU: 0
2025-03-14 10:07:41.998: [INFO] BookmarkNodeAdded, ABU: 0
2025-03-14 10:07:41.998: [INFO] BookmarkNodeAdded, ABU: 0
2025-03-14 10:07:41.999: [INFO] BookmarkNodeAdded, ABU: 0
2025-03-14 10:07:41.999: [INFO] BookmarkNodeAdded, ABU: 0
2025-03-14 10:07:41.999: [INFO] BookmarkNodeAdded, ABU: 0
2025-03-14 10:07:41.999: [INFO] BookmarkNodeAdded, ABU: 0
2025-03-14 10:07:41.999: [INFO] BookmarkNodeAdded, ABU: 0
2025-03-14 10:07:41.999: [INFO] BookmarkNodeAdded, ABU: 0
2025-03-14 10:07:42.000: [INFO] BookmarkNodeAdded, ABU: 0
2025-03-14 10:07:42.000: [INFO] BookmarkNodeAdded, ABU: 0
2025-03-14 10:07:42.000: [INFO] BookmarkNodeAdded, ABU: 0
2025-03-14 10:07:42.000: [INFO] BookmarkNodeAdded, ABU: 0
2025-03-14 10:07:42.000: [INFO] BookmarkNodeAdded, ABU: 0
2025-03-14 10:07:42.001: [INFO] BookmarkNodeAdded, ABU: 0
2025-03-14 10:07:42.001: [INFO] BookmarkNodeAdded, ABU: 0
2025-03-14 10:07:42.001: [INFO] BookmarkNodeAdded, ABU: 0
2025-03-14 10:07:42.001: [INFO] BookmarkNodeAdded, ABU: 0
2025-03-14 10:07:42.001: [INFO] BookmarkNodeAdded, ABU: 0
2025-03-14 10:07:42.001: [INFO] BookmarkNodeAdded, ABU: 0
2025-03-14 10:07:42.001: [INFO] BookmarkNodeAdded, ABU: 0
2025-03-14 10:07:42.001: [INFO] BookmarkNodeAdded, ABU: 0
2025-03-14 10:07:42.001: [INFO] BookmarkNodeAdded, ABU: 0
2025-03-14 10:07:42.002: [INFO] BookmarkNodeAdded, ABU: 0
2025-03-14 10:07:42.002: [INFO] BookmarkNodeAdded, ABU: 0
2025-03-14 10:07:42.002: [INFO] BookmarkNodeAdded, ABU: 0
2025-03-14 10:07:42.002: [INFO] BookmarkNodeAdded, ABU: 0
2025-03-14 10:07:42.002: [INFO] BookmarkNodeAdded, ABU: 0
2025-03-14 10:07:42.002: [INFO] BookmarkNodeAdded, ABU: 0
2025-03-14 10:07:42.002: [INFO] BookmarkNodeAdded, ABU: 0
2025-03-14 10:07:42.002: [INFO] BookmarkNodeAdded, ABU: 0
2025-03-14 10:07:42.002: [INFO] BookmarkNodeAdded, ABU: 0
2025-03-14 10:07:42.002: [INFO] BookmarkNodeAdded, ABU: 0
2025-03-14 10:07:42.002: [INFO] BookmarkNodeAdded, ABU: 0
2025-03-14 10:07:42.002: [INFO] BookmarkNodeAdded, ABU: 0
2025-03-14 10:07:42.003: [INFO] BookmarkNodeAdded, ABU: 0
2025-03-14 10:07:42.003: [INFO] BookmarkNodeAdded, ABU: 0
2025-03-14 10:07:42.003: [INFO] BookmarkNodeAdded, ABU: 0
2025-03-14 10:07:42.003: [INFO] BookmarkNodeAdded, ABU: 0
2025-03-14 10:07:42.003: [INFO] BookmarkNodeAdded, ABU: 0
2025-03-14 10:07:42.003: [INFO] BookmarkNodeAdded, ABU: 0
2025-03-14 10:07:42.003: [INFO] BookmarkNodeAdded, ABU: 0
2025-03-14 10:07:42.003: [INFO] BookmarkNodeAdded, ABU: 0
2025-03-14 10:07:42.003: [INFO] BookmarkNodeAdded, ABU: 0
2025-03-14 10:07:42.004: [INFO] BookmarkNodeAdded, ABU: 0
2025-03-14 10:07:42.004: [INFO] BookmarkNodeAdded, ABU: 0
2025-03-14 10:07:42.004: [INFO] BookmarkNodeAdded, ABU: 0
2025-03-14 10:07:42.004: [INFO] BookmarkNodeAdded, ABU: 0
2025-03-14 10:07:42.004: [INFO] BookmarkNodeAdded, ABU: 0
2025-03-14 10:07:42.004: [INFO] BookmarkNodeAdded, ABU: 0
2025-03-14 10:07:42.004: [INFO] BookmarkNodeAdded, ABU: 0
2025-03-14 10:07:42.004: [INFO] BookmarkNodeAdded, ABU: 0
2025-03-14 10:07:42.004: [INFO] BookmarkNodeAdded, ABU: 0
2025-03-14 10:07:42.004: [INFO] BookmarkNodeAdded, ABU: 0
2025-03-14 10:07:42.004: [INFO] BookmarkNodeAdded, ABU: 0
2025-03-14 10:07:42.004: [INFO] BookmarkNodeAdded, ABU: 0
2025-03-14 10:07:42.004: [INFO] BookmarkNodeAdded, ABU: 0
2025-03-14 10:07:42.004: [INFO] BookmarkNodeAdded, ABU: 0
2025-03-14 10:07:42.005: [INFO] BookmarkNodeAdded, ABU: 0
2025-03-14 10:07:42.005: [INFO] BookmarkNodeAdded, ABU: 0
2025-03-14 10:07:42.005: [INFO] BookmarkNodeAdded, ABU: 0
2025-03-14 10:07:42.005: [INFO] BookmarkNodeAdded, ABU: 0
2025-03-14 10:07:42.005: [INFO] BookmarkNodeAdded, ABU: 0
2025-03-14 10:07:42.005: [INFO] BookmarkNodeAdded, ABU: 0
2025-03-14 10:07:42.005: [INFO] BookmarkNodeAdded, ABU: 0
2025-03-14 10:07:42.005: [INFO] BookmarkNodeAdded, ABU: 0
2025-03-14 10:07:42.005: [INFO] BookmarkNodeAdded, ABU: 0
2025-03-14 10:07:42.005: [INFO] BookmarkNodeAdded, ABU: 0
2025-03-14 10:07:42.005: [INFO] BookmarkNodeAdded, ABU: 0
2025-03-14 10:07:42.006: [INFO] BookmarkNodeAdded, ABU: 0
2025-03-14 10:07:42.006: [INFO] BookmarkNodeAdded, ABU: 0
2025-03-14 10:07:42.006: [INFO] BookmarkNodeAdded, ABU: 0
2025-03-14 10:07:42.006: [INFO] BookmarkNodeAdded, ABU: 0
2025-03-14 10:07:42.006: [INFO] BookmarkNodeAdded, ABU: 0
2025-03-14 10:07:42.006: [INFO] BookmarkNodeAdded, ABU: 0
2025-03-14 10:07:42.006: [INFO] BookmarkNodeAdded, ABU: 0
2025-03-14 10:07:42.006: [INFO] BookmarkNodeAdded, ABU: 0
2025-03-14 10:07:42.006: [INFO] BookmarkNodeAdded, ABU: 0
2025-03-14 10:07:42.006: [INFO] BookmarkNodeAdded, ABU: 0
2025-03-14 10:07:42.007: [INFO] BookmarkNodeAdded, ABU: 0
2025-03-14 10:07:42.007: [INFO] BookmarkNodeAdded, ABU: 0
2025-03-14 10:07:42.007: [INFO] BookmarkNodeAdded, ABU: 0
2025-03-14 10:07:42.007: [INFO] BookmarkNodeAdded, ABU: 0
2025-03-14 10:07:42.007: [INFO] BookmarkNodeAdded, ABU: 0
2025-03-14 10:07:42.007: [INFO] BookmarkNodeAdded, ABU: 0
2025-03-14 10:07:42.007: [INFO] BookmarkNodeAdded, ABU: 0
2025-03-14 10:07:42.007: [INFO] BookmarkNodeAdded, ABU: 0
2025-03-14 10:07:42.007: [INFO] BookmarkNodeAdded, ABU: 0
2025-03-14 10:07:42.007: [INFO] BookmarkNodeAdded, ABU: 0
2025-03-14 10:07:42.007: [INFO] BookmarkNodeAdded, ABU: 0
2025-03-14 10:07:42.007: [INFO] BookmarkNodeAdded, ABU: 0
2025-03-14 10:07:42.007: [INFO] BookmarkNodeAdded, ABU: 0
2025-03-14 10:07:42.008: [INFO] BookmarkNodeAdded, ABU: 0
2025-03-14 10:07:42.008: [INFO] BookmarkNodeAdded, ABU: 0
2025-03-14 10:07:42.008: [INFO] BookmarkNodeAdded, ABU: 0
2025-03-14 10:07:42.008: [INFO] BookmarkNodeAdded, ABU: 0
2025-03-14 10:07:42.008: [INFO] BookmarkNodeAdded, ABU: 0
2025-03-14 10:07:42.008: [INFO] BookmarkNodeAdded, ABU: 0
2025-03-14 10:07:42.008: [INFO] BookmarkNodeAdded, ABU: 0
2025-03-14 10:07:42.008: [INFO] BookmarkNodeAdded, ABU: 0
2025-03-14 10:07:42.008: [INFO] BookmarkNodeAdded, ABU: 0
2025-03-14 10:07:42.008: [INFO] BookmarkNodeAdded, ABU: 0
2025-03-14 10:07:42.008: [INFO] BookmarkNodeAdded, ABU: 0
2025-03-14 10:07:42.008: [INFO] BookmarkNodeAdded, ABU: 0
2025-03-14 10:07:42.008: [INFO] BookmarkNodeAdded, ABU: 0
2025-03-14 10:07:42.008: [INFO] BookmarkNodeAdded, ABU: 0
2025-03-14 10:07:42.009: [INFO] BookmarkNodeAdded, ABU: 0
2025-03-14 10:07:42.009: [INFO] BookmarkNodeAdded, ABU: 0
2025-03-14 10:07:42.009: [INFO] BookmarkNodeAdded, ABU: 0
2025-03-14 10:07:42.009: [INFO] BookmarkNodeAdded, ABU: 0
2025-03-14 10:07:42.009: [INFO] BookmarkNodeAdded, ABU: 0
2025-03-14 10:07:42.009: [INFO] BookmarkNodeAdded, ABU: 0
2025-03-14 10:07:42.009: [INFO] BookmarkNodeAdded, ABU: 0
2025-03-14 10:07:42.009: [INFO] BookmarkNodeAdded, ABU: 0
2025-03-14 10:07:42.010: [INFO] BookmarkNodeAdded, ABU: 0
2025-03-14 10:07:42.010: [INFO] BookmarkNodeAdded, ABU: 0
2025-03-14 10:07:42.010: [INFO] BookmarkNodeAdded, ABU: 0
2025-03-14 10:07:42.010: [INFO] BookmarkNodeAdded, ABU: 0
2025-03-14 10:07:42.010: [INFO] BookmarkNodeAdded, ABU: 0
2025-03-14 10:07:42.010: [INFO] BookmarkNodeAdded, ABU: 0
2025-03-14 10:07:42.010: [INFO] BookmarkNodeAdded, ABU: 0
2025-03-14 10:07:42.010: [INFO] BookmarkNodeAdded, ABU: 0
2025-03-14 10:07:42.011: [INFO] BookmarkNodeAdded, ABU: 0
2025-03-14 10:07:42.011: [INFO] BookmarkNodeAdded, ABU: 0
2025-03-14 10:07:42.011: [INFO] BookmarkNodeAdded, ABU: 0
2025-03-14 10:07:42.011: [INFO] BookmarkNodeAdded, ABU: 0
2025-03-14 10:07:42.011: [INFO] BookmarkNodeAdded, ABU: 0
2025-03-14 10:07:42.011: [INFO] BookmarkNodeAdded, ABU: 0
2025-03-14 10:07:42.011: [INFO] BookmarkNodeAdded, ABU: 0
2025-03-14 10:07:42.012: [INFO] BookmarkNodeAdded, ABU: 0
2025-03-14 10:07:42.012: [INFO] BookmarkNodeAdded, ABU: 0
2025-03-14 10:07:42.012: [INFO] BookmarkNodeAdded, ABU: 0
2025-03-14 10:07:42.012: [INFO] BookmarkNodeAdded, ABU: 0
2025-03-14 10:07:42.012: [INFO] BookmarkNodeAdded, ABU: 0
2025-03-14 10:07:42.012: [INFO] BookmarkNodeAdded, ABU: 0
2025-03-14 10:07:42.012: [INFO] BookmarkNodeAdded, ABU: 0
2025-03-14 10:07:42.013: [INFO] BookmarkNodeAdded, ABU: 0
2025-03-14 10:07:42.013: [INFO] BookmarkNodeAdded, ABU: 0
2025-03-14 10:07:42.013: [INFO] BookmarkNodeAdded, ABU: 0
2025-03-14 10:07:42.013: [INFO] BookmarkNodeAdded, ABU: 0
2025-03-14 10:07:42.013: [INFO] BookmarkNodeAdded, ABU: 0
2025-03-14 10:07:42.013: [INFO] BookmarkNodeAdded, ABU: 0
2025-03-14 10:07:42.013: [INFO] BookmarkNodeAdded, ABU: 0
2025-03-14 10:07:42.013: [INFO] BookmarkNodeAdded, ABU: 0
2025-03-14 10:07:42.013: [INFO] BookmarkNodeAdded, ABU: 0
2025-03-14 10:07:42.013: [INFO] BookmarkNodeAdded, ABU: 0
2025-03-14 10:07:42.013: [INFO] BookmarkNodeAdded, ABU: 0
2025-03-14 10:07:42.013: [INFO] BookmarkNodeAdded, ABU: 0
2025-03-14 10:07:42.013: [INFO] BookmarkNodeAdded, ABU: 0
2025-03-14 10:07:42.013: [INFO] BookmarkNodeAdded, ABU: 0
2025-03-14 10:07:42.013: [INFO] BookmarkNodeAdded, ABU: 0
2025-03-14 10:07:42.014: [INFO] BookmarkNodeAdded, ABU: 0
2025-03-14 10:07:42.014: [INFO] BookmarkNodeAdded, ABU: 0
2025-03-14 10:07:42.014: [INFO] BookmarkNodeAdded, ABU: 0
2025-03-14 10:07:42.014: [INFO] BookmarkNodeAdded, ABU: 0
2025-03-14 10:07:42.014: [INFO] BookmarkNodeAdded, ABU: 0
2025-03-14 10:07:42.014: [INFO] BookmarkNodeAdded, ABU: 0
2025-03-14 10:07:42.014: [INFO] BookmarkNodeAdded, ABU: 0
2025-03-14 10:07:42.014: [INFO] BookmarkNodeAdded, ABU: 0
2025-03-14 10:07:42.014: [INFO] BookmarkNodeAdded, ABU: 0
2025-03-14 10:07:42.014: [INFO] BookmarkNodeAdded, ABU: 0
2025-03-14 10:07:42.014: [INFO] BookmarkNodeAdded, ABU: 0
2025-03-14 10:07:42.015: [INFO] BookmarkNodeAdded, ABU: 0
2025-03-14 10:07:42.015: [INFO] BookmarkNodeAdded, ABU: 0
2025-03-14 10:07:42.015: [INFO] BookmarkNodeAdded, ABU: 0
2025-03-14 10:07:42.015: [INFO] BookmarkNodeAdded, ABU: 0
2025-03-14 10:07:42.015: [INFO] BookmarkNodeAdded, ABU: 0
2025-03-14 10:07:42.015: [INFO] BookmarkNodeAdded, ABU: 0
2025-03-14 10:07:42.015: [INFO] BookmarkNodeAdded, ABU: 0
2025-03-14 10:07:42.015: [INFO] BookmarkNodeAdded, ABU: 0
2025-03-14 10:07:42.016: [INFO] BookmarkNodeAdded, ABU: 0
2025-03-14 10:07:42.016: [INFO] BookmarkNodeAdded, ABU: 0
2025-03-14 10:07:42.016: [INFO] BookmarkNodeAdded, ABU: 0
2025-03-14 10:07:42.016: [INFO] BookmarkNodeAdded, ABU: 0
2025-03-14 10:07:42.016: [INFO] BookmarkNodeAdded, ABU: 0
2025-03-14 10:07:42.016: [INFO] BookmarkNodeAdded, ABU: 0
2025-03-14 10:07:42.017: [INFO] BookmarkNodeAdded, ABU: 0
2025-03-14 10:07:42.017: [INFO] BookmarkNodeAdded, ABU: 0
2025-03-14 10:07:42.017: [INFO] BookmarkNodeAdded, ABU: 0
2025-03-14 10:07:42.017: [INFO] BookmarkNodeAdded, ABU: 0
2025-03-14 10:07:42.017: [INFO] BookmarkNodeAdded, ABU: 0
2025-03-14 10:07:42.017: [INFO] BookmarkNodeAdded, ABU: 0
2025-03-14 10:07:42.018: [INFO] BookmarkNodeAdded, ABU: 0
2025-03-14 10:07:42.018: [INFO] BookmarkNodeAdded, ABU: 0
2025-03-14 10:07:42.062: [INFO] Sync initialization duration: 10322ms
